[    0.000000] Initializing cgroup subsys cpuset
[    0.000000] Initializing cgroup subsys cpu
[    0.000000] Initializing cgroup subsys cpuacct
[    0.000000] Linux version 4.4.0-127-generic (buildd@lcy01-amd64-023) (gcc version 5.4.0 20160609 (Ubuntu 5.4.0-6ubuntu1~16.04.9) ) #153-Ubuntu SMP Sat May 19 10:58:46 UTC 2018 (Ubuntu 4.4.0-127.153-generic 4.4.128)
[    0.000000] Command line: BOOT_IMAGE=/boot/vmlinuz-4.4.0-127-generic root=LABEL=cloudimg-rootfs ro console=tty1 console=ttyS0
[    0.000000] KERNEL supported cpus:
[    0.000000]   Intel GenuineIntel
[    0.000000]   AMD AuthenticAMD
[    0.000000]   Centaur CentaurHauls
[    0.000000] x86/fpu: xstate_offset[2]:  576, xstate_sizes[2]:  256
[    0.000000] x86/fpu: Supporting XSAVE feature 0x01: 'x87 floating point registers'
[    0.000000] x86/fpu: Supporting XSAVE feature 0x02: 'SSE registers'
[    0.000000] x86/fpu: Supporting XSAVE feature 0x04: 'AVX registers'
[    0.000000] x86/fpu: Enabled xstate features 0x7, context size is 832 bytes, using 'standard' format.
[    0.000000] x86/fpu: Using 'lazy' FPU context switches.
[    0.000000] e820: BIOS-provided physical RAM map:
[    0.000000] BIOS-e820: [mem 0x0000000000000000-0x000000000009fbff] usable
[    0.000000] BIOS-e820: [mem 0x000000000009fc00-0x000000000009ffff] reserved
[    0.000000] BIOS-e820: [mem 0x00000000000f0000-0x00000000000fffff] reserved
[    0.000000] BIOS-e820: [mem 0x0000000000100000-0x000000003ffeffff] usable
[    0.000000] BIOS-e820: [mem 0x000000003fff0000-0x000000003fffffff] ACPI data
[    0.000000] BIOS-e820: [mem 0x00000000fec00000-0x00000000fec00fff] reserved
[    0.000000] BIOS-e820: [mem 0x00000000fee00000-0x00000000fee00fff] reserved
[    0.000000] BIOS-e820: [mem 0x00000000fffc0000-0x00000000ffffffff] reserved
[    0.000000] NX (Execute Disable) protection: active
[    0.000000] SMBIOS 2.5 present.
[    0.000000] Hypervisor detected: KVM
[    0.000000] Kernel/User page tables isolation: disabled
[    0.000000] e820: last_pfn = 0x3fff0 max_arch_pfn = 0x400000000
[    0.000000] MTRR: Disabled
[    0.000000] x86/PAT: MTRRs disabled, skipping PAT initialization too.
[    0.000000] CPU MTRRs all blank - virtualized system.
[    0.000000] x86/PAT: Configuration [0-7]: WB  WT  UC- UC  WB  WT  UC- UC  
[    0.000000] found SMP MP-table at [mem 0x0009fff0-0x0009ffff] mapped at [ffff88000009fff0]
[    0.000000] Scanning 1 areas for low memory corruption
[    0.000000] RAMDISK: [mem 0x36ab4000-0x37551fff]
[    0.000000] ACPI: Early table checksum verification disabled
[    0.000000] ACPI: RSDP 0x00000000000E0000 000024 (v02 VBOX  )
[    0.000000] ACPI: XSDT 0x000000003FFF0030 00003C (v01 VBOX   VBOXXSDT 00000001 ASL  00000061)
[    0.000000] ACPI: FACP 0x000000003FFF00F0 0000F4 (v04 VBOX   VBOXFACP 00000001 ASL  00000061)
[    0.000000] ACPI: DSDT 0x000000003FFF0470 0021FF (v02 VBOX   VBOXBIOS 00000002 INTL 20160831)
[    0.000000] ACPI: FACS 0x000000003FFF0200 000040
[    0.000000] ACPI: FACS 0x000000003FFF0200 000040
[    0.000000] ACPI: APIC 0x000000003FFF0240 00005C (v02 VBOX   VBOXAPIC 00000001 ASL  00000061)
[    0.000000] ACPI: SSDT 0x000000003FFF02A0 0001CC (v01 VBOX   VBOXCPUT 00000002 INTL 20160831)
[    0.000000] No NUMA configuration found
[    0.000000] Faking a node at [mem 0x0000000000000000-0x000000003ffeffff]
[    0.000000] NODE_DATA(0) allocated [mem 0x3ffeb000-0x3ffeffff]
[    0.000000] kvm-clock: Using msrs 4b564d01 and 4b564d00
[    0.000000] kvm-clock: cpu 0, msr 0:3ffe3001, primary cpu clock
[    0.000000] kvm-clock: using sched offset of 2933767827 cycles
[    0.000000] clocksource: kvm-clock: mask: 0xffffffffffffffff max_cycles: 0x1cd42e4dffb, max_idle_ns: 881590591483 ns
[    0.000000] Zone ranges:
[    0.000000]   DMA      [mem 0x0000000000001000-0x0000000000ffffff]
[    0.000000]   DMA32    [mem 0x0000000001000000-0x000000003ffeffff]
[    0.000000]   Normal   empty
[    0.000000]   Device   empty
[    0.000000] Movable zone start for each node
[    0.000000] Early memory node ranges
[    0.000000]   node   0: [mem 0x0000000000001000-0x000000000009efff]
[    0.000000]   node   0: [mem 0x0000000000100000-0x000000003ffeffff]
[    0.000000] Initmem setup node 0 [mem 0x0000000000001000-0x000000003ffeffff]
[    0.000000] ACPI: PM-Timer IO Port: 0x4008
[    0.000000] IOAPIC[0]: apic_id 2, version 32, address 0xfec00000, GSI 0-23
[    0.000000] ACPI: INT_SRC_OVR (bus 0 bus_irq 0 global_irq 2 dfl dfl)
[    0.000000] ACPI: INT_SRC_OVR (bus 0 bus_irq 9 global_irq 9 high level)
[    0.000000] Using ACPI (MADT) for SMP configuration information
[    0.000000] smpboot: Allowing 2 CPUs, 0 hotplug CPUs
[    0.000000] PM: Registered nosave memory: [mem 0x00000000-0x00000fff]
[    0.000000] PM: Registered nosave memory: [mem 0x0009f000-0x0009ffff]
[    0.000000] PM: Registered nosave memory: [mem 0x000a0000-0x000effff]
[    0.000000] PM: Registered nosave memory: [mem 0x000f0000-0x000fffff]
[    0.000000] e820: [mem 0x40000000-0xfebfffff] available for PCI devices
[    0.000000] Booting paravirtualized kernel on KVM
[    0.000000] clocksource: refined-jiffies: mask: 0xffffffff max_cycles: 0xffffffff, max_idle_ns: 7645519600211568 ns
[    0.000000] setup_percpu: NR_CPUS:512 nr_cpumask_bits:512 nr_cpu_ids:2 nr_node_ids:1
[    0.000000] PERCPU: Embedded 34 pages/cpu @ffff88003fc00000 s99544 r8192 d31528 u1048576
[    0.000000] PV qspinlock hash table entries: 256 (order: 0, 4096 bytes)
[    0.000000] Built 1 zonelists in Node order, mobility grouping on.  Total pages: 257912
[    0.000000] Policy zone: DMA32
[    0.000000] Kernel command line: BOOT_IMAGE=/boot/vmlinuz-4.4.0-127-generic root=LABEL=cloudimg-rootfs ro console=tty1 console=ttyS0
[    0.000000] PID hash table entries: 4096 (order: 3, 32768 bytes)
[    0.000000] Memory: 1001648K/1048120K available (8537K kernel code, 1313K rwdata, 4000K rodata, 1512K init, 1316K bss, 46472K reserved, 0K cma-reserved)
[    0.000000] SLUB: HWalign=64, Order=0-3, MinObjects=0, CPUs=2, Nodes=1
[    0.000000] Hierarchical RCU implementation.
[    0.000000] 	Build-time adjustment of leaf fanout to 64.
[    0.000000] 	RCU restricting CPUs from NR_CPUS=512 to nr_cpu_ids=2.
[    0.000000] RCU: Adjusting geometry for rcu_fanout_leaf=64, nr_cpu_ids=2
[    0.000000] NR_IRQS:33024 nr_irqs:440 16
[    0.000000] Console: colour VGA+ 80x25
[    0.000000] console [tty1] enabled
[    0.000000] console [ttyS0] enabled
[    0.000000] tsc: Detected 3194.032 MHz processor
[    0.000000] tsc: Marking TSC unstable due to TSCs unsynchronized
[    0.012000] Calibrating delay loop (skipped) preset value.. 6388.06 BogoMIPS (lpj=12776128)
[    0.016004] pid_max: default: 32768 minimum: 301
[    0.020024] ACPI: Core revision 20150930
[    0.024919] ACPI: 2 ACPI AML tables successfully acquired and loaded
[    0.032182] Security Framework initialized
[    0.036003] Yama: becoming mindful.
[    0.040015] AppArmor: AppArmor initialized
[    0.044069] Dentry cache hash table entries: 131072 (order: 8, 1048576 bytes)
[    0.048194] Inode-cache hash table entries: 65536 (order: 7, 524288 bytes)
[    0.052465] Mount-cache hash table entries: 2048 (order: 2, 16384 bytes)
[    0.056007] Mountpoint-cache hash table entries: 2048 (order: 2, 16384 bytes)
[    0.060171] Initializing cgroup subsys io
[    0.064007] Initializing cgroup subsys memory
[    0.068010] Initializing cgroup subsys devices
[    0.069668] Initializing cgroup subsys freezer
[    0.072005] Initializing cgroup subsys net_cls
[    0.074453] Initializing cgroup subsys perf_event
[    0.076005] Initializing cgroup subsys net_prio
[    0.080007] Initializing cgroup subsys hugetlb
[    0.084004] Initializing cgroup subsys pids
[    0.088050] CPU: Physical Processor ID: 0
[    0.089701] CPU: Processor Core ID: 0
[    0.096805] mce: CPU supports 0 MCE banks
[    0.100017] Last level iTLB entries: 4KB 1024, 2MB 1024, 4MB 512
[    0.104003] Last level dTLB entries: 4KB 1536, 2MB 1536, 4MB 768, 1GB 0
[    0.106032] Spectre V2 : LFENCE not serializing. Switching to generic retpoline
[    0.108003] Spectre V2 : Mitigation: Full generic retpoline
[    0.112003] Spectre V2 : Speculation control IBPB not-supported IBRS not-supported
[    0.116003] Spectre V2 : Filling RSB on context switch
[    0.117947] Speculative Store Bypass: Mitigation: Speculative Store Bypass disabled via prctl and seccomp
[    0.121629] Freeing SMP alternatives memory: 32K
[    0.129663] ftrace: allocating 32237 entries in 126 pages
[    0.156069] smpboot: APIC(0) Converting physical 0 to logical package 0
[    0.160005] smpboot: Max logical packages: 1
[    0.168231] x2apic enabled
[    0.168788] Switched APIC routing to physical x2apic.
[    0.170189] ..TIMER: vector=0x30 apic1=0 pin1=2 apic2=-1 pin2=-1
[    0.176000] smpboot: CPU0: AMD Ryzen 5 1400 Quad-Core Processor (family: 0x17, model: 0x1, stepping: 0x1)
[    0.188010] Performance Events: Broken PMU hardware detected, using software events only.
[    0.196009] Failed to access perfctr msr (MSR c0010007 is 0)
[    0.200038] KVM setup paravirtual spinlock
[    0.204704] x86: Booting SMP configuration:
[    0.208008] .... node  #0, CPUs:      #1
[    0.012000] kvm-clock: cpu 1, msr 0:3ffe3041, secondary cpu clock
[    0.012000] mce: CPU supports 0 MCE banks
[    0.352051] x86: Booted up 1 node, 2 CPUs
[    0.356003] smpboot: Total of 2 processors activated (12776.12 BogoMIPS)
[    0.360194] devtmpfs: initialized
[    0.366180] evm: security.selinux
[    0.368006] evm: security.SMACK64
[    0.372007] evm: security.SMACK64EXEC
[    0.376002] evm: security.SMACK64TRANSMUTE
[    0.376564] evm: security.SMACK64MMAP
[    0.377082] evm: security.ima
[    0.377564] evm: security.capability
[    0.378229] clocksource: jiffies: mask: 0xffffffff max_cycles: 0xffffffff, max_idle_ns: 7645041785100000 ns
[    0.380017] futex hash table entries: 512 (order: 3, 32768 bytes)
[    0.384053] pinctrl core: initialized pinctrl subsystem
[    0.385860] RTC time:  0:44:01, date: 06/09/18
[    0.388648] NET: Registered protocol family 16
[    0.404014] cpuidle: using governor ladder
[    0.572007] cpuidle: using governor menu
[    0.740015] PCCT header not found.
[    0.864291] ACPI: bus type PCI registered
[    1.020005] acpiphp: ACPI Hot Plug PCI Controller Driver version: 0.5
[    1.264097] PCI: Using configuration type 1 for base access
[    1.460006] PCI: Using configuration type 1 for extended access
[    1.728082] ACPI: Added _OSI(Module Device)
[    1.732003] ACPI: Added _OSI(Processor Device)
[    1.736002] ACPI: Added _OSI(3.0 _SCP Extensions)
[    1.740002] ACPI: Added _OSI(Processor Aggregator Device)
[    1.744387] ACPI: Executed 1 blocks of module-level executable AML code
[    1.753936] ACPI: Interpreter enabled
[    1.756014] ACPI: (supports S0 S5)
[    1.760004] ACPI: Using IOAPIC for interrupt routing
[    1.760844] PCI: Using host bridge windows from ACPI; if necessary, use "pci=nocrs" and report a bug
[    1.766003] ACPI: PCI Root Bridge [PCI0] (domain 0000 [bus 00-ff])
[    1.767800] acpi PNP0A03:00: _OSC: OS supports [ExtendedConfig ASPM ClockPM Segments MSI]
[    1.768035] acpi PNP0A03:00: _OSC: OS now controls [PCIeHotplug PME AER PCIeCapability]
[    1.772197] PCI host bridge to bus 0000:00
[    1.775042] pci_bus 0000:00: root bus resource [io  0x0000-0x0cf7 window]
[    1.776003] pci_bus 0000:00: root bus resource [io  0x0d00-0xffff window]
[    1.780003] pci_bus 0000:00: root bus resource [mem 0x000a0000-0x000bffff window]
[    1.784004] pci_bus 0000:00: root bus resource [mem 0x40000000-0xffdfffff window]
[    1.788003] pci_bus 0000:00: root bus resource [bus 00-ff]
[    1.790497] pci 0000:00:01.1: legacy IDE quirk: reg 0x10: [io  0x01f0-0x01f7]
[    1.792004] pci 0000:00:01.1: legacy IDE quirk: reg 0x14: [io  0x03f6]
[    1.796003] pci 0000:00:01.1: legacy IDE quirk: reg 0x18: [io  0x0170-0x0177]
[    1.800003] pci 0000:00:01.1: legacy IDE quirk: reg 0x1c: [io  0x0376]
[    1.813447] pci 0000:00:07.0: quirk: [io  0x4000-0x403f] claimed by PIIX4 ACPI
[    1.816011] pci 0000:00:07.0: quirk: [io  0x4100-0x410f] claimed by PIIX4 SMB
[    1.826479] ACPI: PCI Interrupt Link [LNKA] (IRQs 5 9 10 *11)
[    1.829839] ACPI: PCI Interrupt Link [LNKB] (IRQs 5 9 10 *11)
[    1.832523] ACPI: PCI Interrupt Link [LNKC] (IRQs 5 9 *10 11)
[    1.834863] ACPI: PCI Interrupt Link [LNKD] (IRQs 5 *9 10 11)
[    1.839060] ACPI: Enabled 2 GPEs in block 00 to 07
[    1.840145] vgaarb: setting as boot device: PCI:0000:00:02.0
[    1.843772] vgaarb: device added: PCI:0000:00:02.0,decodes=io+mem,owns=io+mem,locks=none
[    1.844003] vgaarb: loaded
[    1.845988] vgaarb: bridge control possible 0000:00:02.0
[    1.848205] SCSI subsystem initialized
[    1.852042] ACPI: bus type USB registered
[    1.856021] usbcore: registered new interface driver usbfs
[    1.860011] usbcore: registered new interface driver hub
[    1.864016] usbcore: registered new device driver usb
[    1.865721] PCI: Using ACPI for IRQ routing
[    1.868173] NetLabel: Initializing
[    1.870528] NetLabel:  domain hash size = 128
[    1.871087] NetLabel:  protocols = UNLABELED CIPSOv4
[    1.872016] NetLabel:  unlabeled traffic allowed by default
[    1.876044] amd_nb: Cannot enumerate AMD northbridges
[    1.880030] clocksource: Switched to clocksource kvm-clock
[    1.887156] AppArmor: AppArmor Filesystem Enabled
[    1.893143] pnp: PnP ACPI init
[    1.896036] pnp: PnP ACPI: found 3 devices
[    1.908640] clocksource: acpi_pm: mask: 0xffffff max_cycles: 0xffffff, max_idle_ns: 2085701024 ns
[    2.082020] NET: Registered protocol family 2
[    2.178116] TCP established hash table entries: 8192 (order: 4, 65536 bytes)
[    2.181062] TCP bind hash table entries: 8192 (order: 5, 131072 bytes)
[    2.188108] TCP: Hash tables configured (established 8192 bind 8192)
[    2.192444] UDP hash table entries: 512 (order: 2, 16384 bytes)
[    2.197431] UDP-Lite hash table entries: 512 (order: 2, 16384 bytes)
[    2.202556] NET: Registered protocol family 1
[    2.207386] pci 0000:00:00.0: Limiting direct PCI/PCI transfers
[    2.212570] pci 0000:00:01.0: Activating ISA DMA hang workarounds
[    2.391499] Unpacking initramfs...
[    4.120344] Freeing initrd memory: 10872K
[    4.160747] clocksource: tsc: mask: 0xffffffffffffffff max_cycles: 0x2e0a4460a31, max_idle_ns: 440795263287 ns
[    4.164128] platform rtc_cmos: registered platform RTC device (no PNP device found)
[    4.164177] Scanning for low memory corruption every 60 seconds
[    4.164661] audit: initializing netlink subsys (disabled)
[    4.164684] audit: type=2000 audit(1528505039.383:1): initialized
[    4.165228] Initialise system trusted keyring
[    4.165430] HugeTLB registered 2 MB page size, pre-allocated 0 pages
[    4.167856] zbud: loaded
[    4.168598] VFS: Disk quotas dquot_6.6.0
[    4.168649] VFS: Dquot-cache hash table entries: 512 (order 0, 4096 bytes)
[    4.169056] squashfs: version 4.0 (2009/01/31) Phillip Lougher
[    4.169428] fuse init (API version 7.23)
[    4.169674] Key type big_key registered
[    4.169710] Allocating IMA MOK and blacklist keyrings.
[    4.170180] Key type asymmetric registered
[    4.170192] Asymmetric key parser 'x509' registered
[    4.170248] Block layer SCSI generic (bsg) driver version 0.4 loaded (major 249)
[    4.170282] io scheduler noop registered
[    4.170285] io scheduler deadline registered (default)
[    4.170329] io scheduler cfq registered
[    4.170521] pci_hotplug: PCI Hot Plug PCI Core version: 0.5
[    4.170531] pciehp: PCI Express Hot Plug Controller Driver version: 0.4
[    4.170753] ACPI: AC Adapter [AC] (on-line)
[    4.170848] input: Power Button as /devices/LNXSYSTM:00/LNXPWRBN:00/input/input0
[    4.170852] ACPI: Power Button [PWRF]
[    4.170953] input: Sleep Button as /devices/LNXSYSTM:00/LNXSLPBN:00/input/input1
[    4.170956] ACPI: Sleep Button [SLPF]
[    4.171184] GHES: HEST is not enabled!
[    4.171334] Serial: 8250/16550 driver, 32 ports, IRQ sharing enabled
[    4.372320] 00:02: ttyS0 at I/O 0x3f8 (irq = 4, base_baud = 115200) is a 16550A
[    4.464772] Linux agpgart interface v0.103
[    4.466923] loop: module loaded
[    4.467809] scsi host0: ata_piix
[    4.467954] scsi host1: ata_piix
[    4.468011] ata1: PATA max UDMA/33 cmd 0x1f0 ctl 0x3f6 bmdma 0xd000 irq 14
[    4.468013] ata2: PATA max UDMA/33 cmd 0x170 ctl 0x376 bmdma 0xd008 irq 15
[    4.468138] libphy: Fixed MDIO Bus: probed
[    4.468141] tun: Universal TUN/TAP device driver, 1.6
[    4.468142] tun: (C) 1999-2004 Max Krasnyansky <maxk@qualcomm.com>
[    4.468556] PPP generic driver version 2.4.2
[    4.468644] ehci_hcd: USB 2.0 'Enhanced' Host Controller (EHCI) Driver
[    4.468649] ehci-pci: EHCI PCI platform driver
[    4.468685] ehci-platform: EHCI generic platform driver
[    4.468697] ohci_hcd: USB 1.1 'Open' Host Controller (OHCI) Driver
[    4.468701] ohci-pci: OHCI PCI platform driver
[    4.468714] ohci-platform: OHCI generic platform driver
[    4.468725] uhci_hcd: USB Universal Host Controller Interface driver
[    4.468813] i8042: PNP: PS/2 Controller [PNP0303:PS2K,PNP0f03:PS2M] at 0x60,0x64 irq 1,12
[    4.470444] serio: i8042 KBD port at 0x60,0x64 irq 1
[    4.470451] serio: i8042 AUX port at 0x60,0x64 irq 12
[    4.470579] mousedev: PS/2 mouse device common for all mice
[    4.470851] rtc_cmos rtc_cmos: rtc core: registered rtc_cmos as rtc0
[    4.470900] rtc_cmos rtc_cmos: alarms up to one day, 114 bytes nvram
[    4.470906] i2c /dev entries driver
[    4.470955] device-mapper: uevent: version 1.0.3
[    4.471004] device-mapper: ioctl: 4.34.0-ioctl (2015-10-28) initialised: dm-devel@redhat.com
[    4.471021] ledtrig-cpu: registered to indicate activity on CPUs
[    4.471331] NET: Registered protocol family 10
[    4.471491] NET: Registered protocol family 17
[    4.471505] Key type dns_resolver registered
[    4.471736] registered taskstats version 1
[    4.471754] Loading compiled-in X.509 certificates
[    4.472455] Loaded X.509 cert 'Build time autogenerated kernel key: 9f6f572a3ee0cb468eb8db4aa61815bc74ef6adb'
[    4.472474] zswap: loaded using pool lzo/zbud
[    4.473851] Key type trusted registered
[    4.476285] Key type encrypted registered
[    4.476291] AppArmor: AppArmor sha1 policy hashing enabled
[    4.476295] ima: No TPM chip found, activating TPM-bypass!
[    4.476315] evm: HMAC attrs: 0x1
[    4.476601]   Magic number: 6:356:708
[    4.476778] rtc_cmos rtc_cmos: setting system clock to 2018-06-09 00:44:05 UTC (1528505045)
[    4.476912] BIOS EDD facility v0.16 2004-Jun-25, 0 devices found
[    4.476912] EDD information not available.
[    4.498427] input: AT Translated Set 2 keyboard as /devices/platform/i8042/serio0/input/input2
[    7.613969] Freeing unused kernel memory: 1512K
[    7.771128] Write protecting the kernel read-only data: 14336k
[    7.951955] Freeing unused kernel memory: 1692K
[    8.087445] Freeing unused kernel memory: 96K
Loading, please wait...
starting version[    8.202084] random: systemd-udevd: uninitialized urandom read (16 bytes read, 7 bits of entropy available)
 229
[    8.202951] random: udevadm: uninitialized urandom read (16 bytes read, 7 bits of entropy available)
[    8.202977] random: udevadm: uninitialized urandom read (16 bytes read, 7 bits of entropy available)
[    8.212058] random: udevadm: uninitialized urandom read (16 bytes read, 7 bits of entropy available)
[    8.212058] random: udevadm: uninitialized urandom read (16 bytes read, 7 bits of entropy available)
[    8.214437] random: udevadm: uninitialized urandom read (16 bytes read, 7 bits of entropy available)
[    8.214488] random: udevadm: uninitialized urandom read (16 bytes read, 7 bits of entropy available)
[    8.214536] random: udevadm: uninitialized urandom read (16 bytes read, 7 bits of entropy available)
[    8.214588] random: udevadm: uninitialized urandom read (16 bytes read, 7 bits of entropy available)
[    8.214632] random: udevadm: uninitialized urandom read (16 bytes read, 7 bits of entropy available)
[    8.315910] Fusion MPT base driver 3.04.20
[    8.334668] Copyright (c) 1999-2008 LSI Corporation
[    8.353222] e1000: Intel(R) PRO/1000 Network Driver - version 7.3.21-k8-NAPI
[    8.376197] e1000: Copyright (c) 1999-2006 Intel Corporation.
[    8.386975] Fusion MPT SPI Host driver 3.04.20
[    8.419276] AVX version of gcm_enc/dec engaged.
[    8.426257] AES CTR mode by8 optimization enabled
[    8.630688] input: ImExPS/2 Generic Explorer Mouse as /devices/platform/i8042/serio1/input/input4
[    8.717265] e1000 0000:00:03.0 eth0: (PCI:33MHz:32-bit) 02:ff:33:8f:0e:5d
[    8.728656] e1000 0000:00:03.0 eth0: Intel(R) PRO/1000 Network Connection
[    9.048370] e1000 0000:00:08.0 eth1: (PCI:33MHz:32-bit) 08:00:27:30:37:71
[    9.068154] e1000 0000:00:08.0 eth1: Intel(R) PRO/1000 Network Connection
[    9.071148] mptbase: ioc0: Initiating bringup
[    9.071634] e1000 0000:00:08.0 enp0s8: renamed from eth1
[    9.084414] e1000 0000:00:03.0 enp0s3: renamed from eth0
[    9.140283] ioc0: LSI53C1030 A0: Capabilities={Initiator}
[    9.310390] scsi host2: ioc0: LSI53C1030 A0, FwRev=00000000h, Ports=1, MaxQ=256, IRQ=20
[    9.736665] scsi 2:0:0:0: Direct-Access     VBOX     HARDDISK         1.0  PQ: 0 ANSI: 5
[   10.010752] scsi target2:0:0: Beginning Domain Validation
[   10.200800] scsi target2:0:0: Domain Validation skipping write tests
[   10.254576] scsi target2:0:0: Ending Domain Validation
[   10.256657] scsi target2:0:0: asynchronous
[   10.258997] scsi 2:0:1:0: Direct-Access     VBOX     HARDDISK         1.0  PQ: 0 ANSI: 5
[   10.261268] scsi target2:0:1: Beginning Domain Validation
[   10.378280] scsi target2:0:1: Domain Validation skipping write tests
[   10.593885] scsi target2:0:1: Ending Domain Validation
[   10.761399] scsi target2:0:1: asynchronous
[   10.880370] sd 2:0:0:0: [sda] 20971520 512-byte logical blocks: (10.7 GB/10.0 GiB)
[   11.085026] sd 2:0:0:0: [sda] Write Protect is off
[   11.085096] sd 2:0:0:0: Attached scsi generic sg0 type 0
[   11.085489] sd 2:0:1:0: Attached scsi generic sg1 type 0
[   11.380343] sd 2:0:1:0: [sdb] 20480 512-byte logical blocks: (10.5 MB/10.0 MiB)
[   11.711933] sd 2:0:0:0: [sda] Incomplete mode parameter data
[   11.711973] sd 2:0:1:0: [sdb] Write Protect is off
[   11.767309] sd 2:0:0:0: [sda] Assuming drive cache: write through
[   11.767350] sd 2:0:1:0: [sdb] Incomplete mode parameter data
[   11.767362] sd 2:0:1:0: [sdb] Assuming drive cache: write through
[   11.773568]  sda: sda1
[   11.775394] sd 2:0:1:0: [sdb] Attached SCSI disk
[   11.776164] sd 2:0:0:0: [sda] Attached SCSI disk
Begin: Loading e[   13.204014] md: linear personality registered for level -1
ssential drivers[   13.386167] md: multipath personality registered for level -4
 ... [   13.567507] md: raid0 personality registered for level 0
[   13.578845] md: raid1 personality registered for level 1
[   13.660009] raid6: sse2x1   gen()  6283 MB/s
[   13.764038] raid6: sse2x1   xor()  6021 MB/s
[   13.916041] raid6: sse2x2   gen() 13329 MB/s
[   14.108070] raid6: sse2x2   xor()  8841 MB/s
[   14.300033] raid6: sse2x4   gen() 14574 MB/s
[   14.476033] raid6: sse2x4   xor()  8227 MB/s
[   14.528986] raid6: using algorithm sse2x4 gen() 14574 MB/s
[   14.533604] raid6: .... xor() 8227 MB/s, rmw enabled
[   14.534137] raid6: using ssse3x2 recovery algorithm
[   14.539875] xor: automatically using best checksumming function:
[   14.680116]    avx       : 13321.000 MB/sec
[   14.735441] async_tx: api initialized (async)
[   14.760372] md: raid6 personality registered for level 6
[   14.766518] md: raid5 personality registered for level 5
[   14.769524] md: raid4 personality registered for level 4
[   14.774731] md: raid10 personality registered for level 10
done.
Begin: Running /scripts/init-premount ... done.
Begin: Mounting root file system ... Begin: Running /scripts/local-top ... done.
Begin: Running /scripts/local-premount ... [   14.819424] Btrfs loaded
Scanning for Btrfs filesystems
done.
Warning: fsck no[   14.850735] EXT4-fs (sda1): mounted filesystem with ordered data mode. Opts: (null)
t present, so skipping root file system
done.
Begin: Running /scripts/local-bottom ... done.
Begin: Running /scripts/init-bottom ... done.
[   14.960839] systemd[1]: systemd 229 running in system mode. (+PAM +AUDIT +SELINUX +IMA +APPARMOR +SMACK +SYSVINIT +UTMP +LIBCRYPTSETUP +GCRYPT +GNUTLS +ACL +XZ -LZ4 +SECCOMP +BLKID +ELFUTILS +KMOD -IDN)
[   15.241918] systemd[1]: Detected virtualization oracle.
[   15.243249] systemd[1]: Detected architecture x86-64.

Welcome to [1mUbuntu 16.04.4 LTS[0m!

[   15.247703] systemd[1]: Set hostname to <ubuntu>.
[   15.250546] systemd[1]: Initializing machine ID from random generator.
[   15.293359] systemd[1]: Installed transient /etc/machine-id file.
[   15.478417] systemd[1]: Listening on Device-mapper event daemon FIFOs.
[[0;32m  OK  [0m] Listening on Device-mapper event daemon FIFOs.
[   15.485742] systemd[1]: Listening on Syslog Socket.
[[0;32m  OK  [0m] Listening on Syslog Socket.
[   15.489467] systemd[1]: Listening on Journal Socket.
[[0;32m  OK  [0m] Listening on Journal Socket.
[   15.623996] systemd[1]: Listening on Journal Audit Socket.
[[0;32m  OK  [0m] Listening on Journal Audit Socket.
[   15.713617] systemd[1]: Reached target System Time Synchronized.
[[0;32m  OK  [0m] Reached target System Time Synchronized.
[   15.721145] systemd[1]: Listening on LVM2 poll daemon socket.
[[0;32m  OK  [0m] Listening on LVM2 poll daemon socket.
[   15.731950] systemd[1]: Started Trigger resolvconf update for networkd DNS.
[[0;32m  OK  [0m] Started Trigger resolvconf update for networkd DNS.
[   15.748511] systemd[1]: Created slice User and Session Slice.
[[0;32m  OK  [0m] Created slice User and Session Slice.
[   15.786660] systemd[1]: Listening on Journal Socket (/dev/log).
[[0;32m  OK  [0m] Listening on Journal Socket (/dev/log).
[   15.804131] systemd[1]: Reached target Encrypted Volumes.
[[0;32m  OK  [0m] Reached target Encrypted Volumes.
[   15.833389] systemd[1]: Started Forward Password Requests to Wall Directory Watch.
[[0;32m  OK  [0m] Started Forward Password Requests to Wall Directory Watch.
[   15.972227] systemd[1]: Set up automount Arbitrary Executable File Formats File System Automount Point.
[[0;32m  OK  [0m] Set up automount Arbitrary Executab...ats File System Automount Point.
[   16.312153] systemd[1]: Listening on /dev/initctl Compatibility Named Pipe.
[[0;32m  OK  [0m] Listening on /dev/initctl Compatibility Named Pipe.
[   16.568602] systemd[1]: Created slice System Slice.
[[0;32m  OK  [0m] Created slice System Slice.
[   16.760317] systemd[1]: Starting Set console keymap...
[   16.761128] random: nonblocking pool is initialized
         Starting Set console keymap...
[   17.064912] systemd[1]: Created slice system-serial\x2dgetty.slice.
[[0;32m  OK  [0m] Created slice system-serial\x2dgetty.slice.
[   17.248381] systemd[1]: Starting Remount Root and Kernel File Systems...
         [   17.304918] EXT4-fs (sda1): re-mounted. Opts: (null)
Starting Remount Root and Kernel File Systems...
[   17.388379] systemd[1]: Starting Uncomplicated firewall...
         Starting Uncomplicated firewall...
[   17.548171] systemd[1]: Reached target Slices.
[[0;32m  OK  [0m] Reached target Slices.
[   17.736171] systemd[1]: Starting Nameserver information manager...
         Starting Nameserver information manager...
[   17.784637] systemd[1]: Mounting Huge Pages File System...
         Mounting Huge Pages File System...
[   17.796278] systemd[1]: Starting Create list of required static device nodes for the current kernel...
         Starting Create list of required st... nodes for the current kernel...
[   17.808483] systemd[1]: Starting Load Kernel Modules...
         Starting Load Kernel Modules...
[   17.829728] Loading iSCSI transport class v2.0-870.
[   17.830112] systemd[1]: Starting Journal Service...
         Startin[   17.980585] iscsi: registered transport (tcp)
g Journal Service...
[   18.132159] systemd[1]: Reached target User and Group Name Lookups.
[[0;32m  OK  [[   18.321493] iscsi: registered transport (iser)
0m] Reached target User and Group Name Lookups.
[   18.528253] systemd[1]: Reached target Swap.
[[0;32m  OK  [0m] Reached target Swap.
[   18.688265] systemd[1]: Listening on LVM2 metadata daemon socket.
[[0;32m  OK  [0m] Listening on LVM2 metadata daemon socket.
[   18.940283] systemd[1]: Starting Monitoring of LVM2 mirrors, snapshots etc. using dmeventd or progress polling...
         Starting Monitoring of LVM2 mirrors... dmeventd or progress polling...
[   19.312213] systemd[1]: Mounting Debug File System...
         Mounting Debug File System...
[   19.553240] systemd[1]: Listening on udev Kernel Socket.
[[0;32m  OK  [0m] Listening on udev Kernel Socket.
[   19.804249] systemd[1]: Mounting POSIX Message Queue File System...
         Mounting POSIX Message Queue File System...
[   20.048651] systemd[1]: Listening on udev Control Socket.
[[0;32m  OK  [0m] Listening on udev Control Socket.
[   20.249628] systemd[1]: Mounted POSIX Message Queue File System.
[[0;32m  OK  [0m] Mounted POSIX Message Queue File System.
[   20.492167] systemd[1]: Mounted Debug File System.
[[0;32m  OK  [0m] Mounted Debug File System.
[   20.676232] systemd[1]: Mounted Huge Pages File System.
[[0;32m  OK  [0m] Mounted Huge Pages File System.
[   20.892226] systemd[1]: Started Journal Service.
[[0;32m  OK  [0m] Started Journal Service.
[[0;32m  OK  [0m] Started Set console keymap.
[[0;32m  OK  [0m] Started Remount Root and Kernel File Systems.
[[0;32m  OK  [0m] Started Uncomplicated firewall.
[[0;32m  OK  [0m] Started Create list of required sta...ce nodes for the current kernel.
[[0;32m  OK  [0m] Started Load Kernel Modules.
[[0;32m  OK  [0m] Started Nameserver information manager.
[[0;32m  OK  [0m] Started LVM2 metadata daemon.
         Starting Apply Kernel Variables...
         Mounting FUSE Control File System...
         Starting Create Static Device Nodes in /dev...
         Starting udev Coldplug all Devices...
         Starting Load/Save Random Seed...
         Starting Flush Journal to Persistent Storage...
[[0;32m  OK  [0m] Mounted FUSE Control File System.
[[0;32m  OK  [0m] Started Apply Kernel Variables.
[[0;32m  OK  [0m] Started Create Static Device Nodes in /dev.
[[0;32m  OK  [0m] Started Load/Save Random Seed.
[[0;32m  OK  [0m] Started udev Coldplug all Devices.
[[0;32m  OK  [0m] Started Flush Journal to Persistent Storage.
         Starting udev Kernel Device Manager...
[[0;32m  OK  [0m] Started udev Kernel Device Manager.
[[0;32m  OK  [0m] Started Monitoring of LVM2 mirrors,...ng dmeventd or progress polling.
[[0;32m  OK  [0m] Reached target Local File Systems (Pre).
[[0;32m  OK  [0m] Reached target Local File Systems.
         Starting Initial cloud-init job (pre-networking)...
         Starting LSB: AppArmor initialization...
         Starting Create Volatile Files and Directories...
         Starting Set console font and keymap...
         Starting Commit a transient machine-id on disk...
         Starting Tell Plymouth To Write Out Runtime Data...
[[0;32m  OK  [0m] Started Dispatch Password Requests to Console Directory Watch.
[   22.705916] cloud-init[548]: Cloud-init v. 18.2 running 'init-local' at Sat, 09 Jun 2018 00:44:23 +0000. Up 22.43 seconds.
[[0;32m  OK  [0m] Started Create Volatile Files and Directories.
[[0;32m  OK  [0m] Started Set console font and keymap.
[[0;32m  OK  [0m] Started Commit a transient machine-id on disk.
[[0;32m  OK  [0m] Started Tell Plymouth To Write Out Runtime Data.
[[0;32m  OK  [0m] Started Initial cloud-init job (pre-networking).
[[0;32m  OK  [0m] Found device /dev/ttyS0.
[[0;32m  OK  [0m] Listening on Load/Save RF Kill Switch Status /dev/rfkill Watch.
[[0;32m  OK  [0m] Reached target Network (Pre).
[[0;32m  OK  [0m] Created slice system-getty.slice.
         Starting Update UTMP about System Boot/Shutdown...
[[0;32m  OK  [0m] Started Update UTMP about System Boot/Shutdown.
[[0;32m  OK  [0m] Started LSB: AppArmor initialization.
         Starting Raise network interfaces...
[[0;32m  OK  [0m] Started Raise network interfaces.
[[0;32m  OK  [0m] Reached target Network.
         Starting Initial cloud-init job (metadata service crawler)...
[   24.946858] cloud-init[981]: Cloud-init v. 18.2 running 'init' at Sat, 09 Jun 2018 00:44:25 +0000. Up 24.33 seconds.
[[0;32m  OK  [0m] Started Initial cloud-init job (metadata service crawler).
[   25.044547] cloud-init[981]: ci-info: +++++++++++++++++++++++++++++++++++++Net device info++++++++++++++++++++++++++++++++++++++
[   25.208273] cloud-init[981]: ci-info: +--------+-------+---------------------------+---------------+-------+-------------------+
[   25.208555] cloud-init[981]: ci-info: | Device |   Up  |          Address          |      Mask     | Scope |     Hw-Address    |
[[0;32m  OK  [0m] Reached target Cloud-config availability.
[   25.208658] cloud-init[981]: ci-info: +--------+-------+---------------------------+---------------+-------+-------------------+
[   25.288773] cloud-init[981]: ci-info: | enp0s3 |  True |         10.0.2.15         | 255.255.255.0 |   .   | 02:ff:33:8f:0e:5d |
[[0;32m  OK  [0m] Reached target Network is Online.
[   25.288880] cloud-init[981]: ci-info: | enp0s3 |  True | fe80::ff:33ff:fe8f:e5d/64 |       .       |  link | 02:ff:33:8f:0e:5d |
[   25.342441] cloud-init[981]: ci-info: | enp0s8 | False |             .             |       .       |   .   | 08:00:27:30:37:71 |
[   25.342763] cloud-init[981]: ci-info: |   lo   |  True |         127.0.0.1         |   255.0.0.0   |   .   |         .         |
         Starting iSCSI initiator daemon (iscsid)...
[   25.342964] cloud-init[981]: ci-info: |   lo   |  True |          ::1/128          |       .       |  host |         .         |
[   25.537196] cloud-init[981]: ci-info: +--------+-------+---------------------------+---------------+-------+-------------------+
[[0;32m  OK  [0m] Reached target System Initialization.
[[   25.537369] cloud-init[981]: ci-info: +++++++++++++++++++++++++++Route IPv4 info++++++++++++++++++++++++++++
[   25.569050] cloud-init[981]: ci-info: +-------+-------------+----------+---------------+-----------+-------+
[   25.569361] cloud-init[981]: ci-info: | Route | Destination | Gateway  |    Genmask    | Interface | Flags |
[0;32m  OK  [0m] Listening on UUID daemon activation socket.
[   25.571196] cloud-init[981]: ci-info: +-------+-------------+----------+---------------+-----------+-------+
[   25.584028] cloud-init[981]: ci-info: |   0   |   0.0.0.0   | 10.0.2.2 |    0.0.0.0    |   enp0s3  |   UG  |
[   25.584499] cloud-init[981]: ci-info: |   1   |   10.0.2.0  | 0.0.0.0  | 255.255.255.0 |   enp0s3  |   U   |
[   25.584820] cloud-init[981]: ci-info: +-------+-------------+----------+---------------+-----------+-------+
[   25.585641] cloud-init[981]: Generating public/private rsa key pair.
[[0;32m  OK  [0m] Listening on D-Bus System Message Bus Socket.
[   25.586171] cloud-init[981]: Your identification has been saved in /etc/ssh/ssh_host_rsa_key.
[   25.695257] cloud-init[981]: Your public key has been saved in /etc/ssh/ssh_host_rsa_key.pub.
[   25.696221] cloud-init[981]: The key fingerprint is:
[   25.696706] cloud-init[981]: SHA256:TBo+nxfPXrFAyXLCNcpDsygrkfbeYlroZ1ixcQ77n4w root@ubuntu-xenial
[   25.698192] cloud-init[981]: The key's randomart image is:
[   25.699329] cloud-init[981]: +---[RSA 2048]----+
[   25.699793] cloud-init[981]: |          o o    |
[[0;32m  OK  [0m] Started Daily Cleanup of Temporary Directories.
[   25.700196] cloud-init[981]: |     .   = * o   |
[   25.784353] cloud-init[981]: |    + o o O =    |
[   25.784707] cloud-init[981]: |   . ++B.  *     |
         Starting LXD - unix socket.
[   25.785258] cloud-init[981]: |    . *OS . . .  |
[   25.888314] cloud-init[981]: |     +++.. + . o |
[   25.888665] cloud-init[981]: |    .o=.+ . o o  |
[[0;32m  OK  [0m] Started Daily apt download activities.
[[   25.888830] cloud-init[981]: |   ..+o..+ o .   |
[   25.972719] cloud-init[981]: |    oo  E.+ .    |
[0;32m  OK  [0m] Started Daily apt upgrade and clean activities.
[[   25.972855] cloud-init[981]: +----[SHA256]-----+
[0;32m  OK  [0m] Reached target Timers.
         Starting Socket activation for snappy daemon.
[[0;32m  OK  [0m] Listening on ACPID Listen Socket.
[   26.032807] cloud-init[981]: Generating public/private dsa key pair.
[   26.173398] cloud-init[981]: Your identification has been saved in /etc/ssh/ssh_host_dsa_key.
[   26.173707] cloud-init[981]: Your public key has been saved in /etc/ssh/ssh_host_dsa_key.pub.
[[0;32m  OK  [0m] Started ACPI Events Check.
[   26.174073] cloud-init[981]: The key fingerprint is:
[[   26.273921] [0;32m  OK  [0mcloud-init] [981]: Reached target Paths.SHA256:/mlmFWVw8pIRM49Hq7NaDC5N5QBSpYaVRLHG/uh97Ok root@ubuntu-xenial

[   26.274063] cloud-init[981]: The key's randomart image is:
[   26.393938] cloud-init[981]: +---[DSA 1024]----+
[   26.394277] cloud-init[981]: |      .+B+. Boo  |
[[0;32m  OK  [0m] Listening on LXD - unix socket.
[[   26.395277] cloud-init[981]: |       =.+   %o. |
[   26.444908] cloud-init[981]: |      . * . =o=  |
[0;32m  OK  [0m] Listening on Socket activation for snappy daemon.
[   26.445015] cloud-init[981]: |       +   +.+   |
[[0;32m  OK  [0m[   26.564320] ] cloud-initStarted iSCSI initiator daemon (iscsid).[981]: 
|        S o +.   |
[   26.569785] cloud-init[981]: |       . * o.o   |
[   26.583327] cloud-init[981]: |        + +o+    |
[   26.602978] cloud-init[981]: |       . +++o.   |
         Starting Login to default iSCSI targets...
[   26.603691] [cloud-init[0;32m  OK  [0m[981]: ] |        .+=+E    |Reached target Sockets.

[   26.636503] [cloud-init[0;32m  OK  [0m[981]: ] +----[SHA256]-----+Reached target Basic System.

[   26.636931] cloud-init[981]: Generating public/private ecdsa key pair.
[   26.659168] cloud-init[981]: Your identification has been saved in /etc/ssh/ssh_host_ecdsa_key.
[   26.665097] cloud-init[981]: Your public key has been saved in /etc/ssh/ssh_host_ecdsa_key.pub.
[   26.680233]          cloud-initStarting LSB: Record successful boot for GRUB...[981]: 
The key fingerprint is:
[   26.699219] cloud-init[981]: SHA256:dEGlnrgg/hILuX26CRQ5djMPeVsNnF7jOysog8PV2t0 root@ubuntu-xenial
[   26.699470] cloud-init[981]: The key's randomart image is:
[[0;32m  OK  [0m] Started Deferred execution scheduler.
[[0;32m  OK  [0m] Started Unattended Upgrades Shutdown.
[   26.699671] cloud-init[981]: +---[ECDSA 256]---+
         [   26.776417] Starting LSB: MD monitoring daemon...cloud-init
[981]: |       ..oo..    |
[   26.782410] cloud-init[981]: |   . .  oooo     |
[   26.782828] cloud-init[981]: |  = * ..oo+.     |
[   26.783453] cloud-init[981]: | . + * +.+..     |
[   26.783836] cloud-init[981]: |  ....+ S o.     |
[   26.784443] cloud-init[981]: | .o.o... .o      |
         Starting Accounts Service...
[   26.785238] cloud-init[981]: | ..*.= o.. o     |
[   26.852378] [cloud-init[0;32m  OK  [0m[981]: ] |  =.Bo+ o E      |Started Regular background program processing daemon.

         Starting Virtualbox guest utils...
[   26.860742] cloud-init[981]: |   .+B.  .       |
[   26.888344] cloud-init[981]: +----[SHA256]-----+
[   26.888602] cloud-init[981]: Generating public/private ed25519 key pair.
         Starting System Logging Service...
[   26.888851] cloud-init[981]: Your identification has been saved in /etc/ssh/ssh_host_ed25519_key.
[   26.904370] cloud-init[981]: Your public key has been saved in /etc/ssh/ssh_host_ed25519_key.pub.
[   26.910322] cloud-init[981]: The key fingerprint is:
[   26.920345] cloud-init[981]: SHA256:SjwqkvJwOjHPjGpQ8DYcbshD6IgCHurbcmGEqLNNYgc root@ubuntu-xenial
[   26.920599] cloud-init[981]: The key's randomart image is:
         Starting /etc/rc.local Compatibility...
[   26.920776] cloud-init[981]: +--[ED25519 256]--+
[   26.930076] cloud-init[981]: |.                |
         Starting LXD - container startup/shutdown...
[   26.940766] cloud-init[981]: |+o.              |
[   26.955799] cloud-init[981]: |@*o.             |
[   26.969428] cloud-init[981]: |BEO. .           |
[   26.969527] cloud-init[981]: |+++.  + S        |
         Starting Snappy daemon...
[   26.969609] cloud-init[981]: |B+.+ o o         |
[   27.032369] cloud-init[981]: |B&B o .          |
[   27.032567] cloud-init[981]: |=X=+             |
[[0;32m  OK  [0m] Started FUSE filesystem for LXC.
[   27.032652] cloud-init[981]: |=.+              |
[   27.105631] cloud-init[981]: +----[SHA256]-----+
[[0;32m  OK  [0m] Started ACPI event daemon.
         Starting Login Service...
         Starting Apply the settings specified in cloud-config...
[[0;32m  OK  [0m] Started D-Bus System Message Bus.
         Starting Pollinate to seed the pseudo random number generator...
[[0;32m  OK  [0m] Started System Logging Service.
[[0;32m  OK  [0m] Started Snappy daemon.
[[0;32m  OK  [0m] Started /etc/rc.local Compatibility.
[[0;32m  OK  [0m] Started LXD - container startup/shutdown.
[[0;32m  OK  [0m] Started LSB: Record successful boot for GRUB.
[[0;32m  OK  [0m] Started Login to default iSCSI targets.
[[0;32m  OK  [0m] Started LSB: MD monitoring daemon.
[[0;32m  OK  [0m] Started Login Service.
[[0;32m  OK  [0m] Started Virtualbox guest utils.
         Starting Authenticate and Authorize Users to Run Privileged Tasks...
[[0;32m  OK  [0m] Reached target Remote File Systems (Pre).
[[0;32m  OK  [0m] Reached target Remote File Systems.
[   27.653007] cloud-init[1145]: Generating locales (this might take a while)...
         Starting LSB: Set the CPU Frequency Scaling governor to "ondemand"...
         Starting LSB: daemon to balance interrupts for SMP systems...
         Starting LSB: automatic crash report generation...
         Starting Permit User Sessions...
         Starting Wait until snapd is fully seeded...
[[0;32m  OK  [0m] Started Permit User Sessions.
[[0;32m  OK  [0m] Started Authenticate and Authorize Users to Run Privileged Tasks.
[   28.292440] cloud-init[1145]:   en_US.UTF-8... done
[[0;32m  OK  [0m] Started Accounts Service.
[   28.324861] cloud-init[1145]: Generation complete.
[[0;32m  OK  [0m] Started LSB: Set the CPU Frequency Scaling governor to "ondemand".
[[0;32m  OK  [0m] Started Pollinate to seed the pseudo random number generator.
[[0;32m  OK  [0m] Started LSB: daemon to balance interrupts for SMP systems.
[   28.633994] cloud-init[1145]: Cloud-init v. 18.2 running 'modules:config' at Sat, 09 Jun 2018 00:44:28 +0000. Up 27.52 seconds.
[[0;32m  OK  [0m] Started LSB: automatic crash report generation.
[[0;32m  OK  [0m] Started Apply the settings specified in cloud-config.
         Starting OpenBSD Secure Shell server...
         Starting Hold until boot process finishes up...
         Starting Terminate Plymouth Boot Screen...
[[0;32m  OK  [0m] Started OpenBSD Secure Shell server.
[[0;32m  OK  [0m] Started Hold until boot process finishes up.
[[0;32m  OK  [0m] Started Terminate Plymouth Boot Screen.
[[0;32m  OK  [0m] Started Serial Getty on ttyS0.
[[0;32m  OK  [0m] Started Getty on tty1.
[[0;32m  OK  [0m] Reached target Login Prompts.
         Starting Set console scheme...
[[0;32m  OK  [0m] Started Set console scheme.
[[0;32m  OK  [0m] Started Wait until snapd is fully seeded.
[[0;32m  OK  [0m] Reached target Multi-User System.
         Starting Execute cloud user/final scripts...
[[0;32m  OK  [0m] Reached target Graphical Interface.
         Starting Update UTMP about System Runlevel Changes...
[[0;32m  OK  [0m] Started Update UTMP about System Runlevel Changes.
ci-info: no authorized ssh keys fingerprints found for user ubuntu.
<14>Jun  9 00:44:31 ec2: 
<14>Jun  9 00:44:31 ec2: #############################################################
<14>Jun  9 00:44:31 ec2: -----BEGIN SSH HOST KEY FINGERPRINTS-----
<14>Jun  9 00:44:31 ec2: 1024 SHA256:/mlmFWVw8pIRM49Hq7NaDC5N5QBSpYaVRLHG/uh97Ok root@ubuntu-xenial (DSA)
<14>Jun  9 00:44:31 ec2: 256 SHA256:dEGlnrgg/hILuX26CRQ5djMPeVsNnF7jOysog8PV2t0 root@ubuntu-xenial (ECDSA)
<14>Jun  9 00:44:31 ec2: 256 SHA256:SjwqkvJwOjHPjGpQ8DYcbshD6IgCHurbcmGEqLNNYgc root@ubuntu-xenial (ED25519)
<14>Jun  9 00:44:31 ec2: 2048 SHA256:TBo+nxfPXrFAyXLCNcpDsygrkfbeYlroZ1ixcQ77n4w root@ubuntu-xenial (RSA)
<14>Jun  9 00:44:31 ec2: -----END SSH HOST KEY FINGERPRINTS-----
<14>Jun  9 00:44:31 ec2: #############################################################
-----BEGIN SSH HOST KEY KEYS-----
ecdsa-sha2-nistp256 AAAAE2VjZHNhLXNoYTItbmlzdHAyNTYAAAAIbmlzdHAyNTYAAABBBCHgQSV+ucS4XTfLIYLMPJcQYKsg9Pbi/caQMRb/riS8Aw8DhadsN1S8OZLxZgFRbAuWjMFLpEKIqurWIeooEVI= root@ubuntu-xenial
ssh-ed25519 AAAAC3NzaC1lZDI1NTE5AAAAIIjFif9HlRRYsYWLm2MZYiwZQ7TsBPXfd6qlqV/KQT5U root@ubuntu-xenial
ssh-rsa AAAAB3NzaC1yc2EAAAADAQABAAABAQDKXI4hrQOopdnUSq2gNnoudZTwsv9Yo5Dhf9zpmatTI36BFWwnejjNHdcWKbXGMoeiKqQFaBfNidVqfxa3QyIPyMoWjrZmze4rlOwxJEcftgOcJgTVbsMBEPvdY561pekUO9o720uRNsxP9XYwdIlGFxQFzeVMjMgukUuw+Gls8rCYzszLduWHzILvEVY/Ezn5RCKiZE0aLhIT0bR7FCyMf/hHijz18flSyGWfrZQeGxREoi67gVHs1bovNNBX3iiPayMFlA/f2Pw2rQu26QKQwlEpRMsYiiZlgyaK/YVElbNUZ9yEMhf/Xh8zICEz6eeU0Z5nzmMUPKaMBlAGRfSB root@ubuntu-xenial
-----END SSH HOST KEY KEYS-----
[   30.752149] cloud-init[1351]: Cloud-init v. 18.2 running 'modules:final' at Sat, 09 Jun 2018 00:44:30 +0000. Up 29.97 seconds.
[   30.784695] cloud-init[1351]: ci-info: no authorized ssh keys fingerprints found for user ubuntu.
[[0;32m  OK  [0m[   30.812570] ] cloud-initStarted Execute cloud user/final scripts.[1351]: 
Cloud-init v. 18.2 finished at Sat, 09 Jun 2018 00:44:31 +0000. Datasource DataSourceNoCloud [seed=/dev/sdb][dsmode=net].  Up 30.74 seconds
[[0;32m  OK  [0m] Reached target Cloud-init target.

Ubuntu 16.04.4 LTS ubuntu-xenial ttyS0

ubuntu-xenial login: 