[    0.000000] Initializing cgroup subsys cpuset
[    0.000000] Initializing cgroup subsys cpu
[    0.000000] Initializing cgroup subsys cpuacct
[    0.000000] Linux version 4.4.0-127-generic (buildd@lcy01-amd64-023) (gcc version 5.4.0 20160609 (Ubuntu 5.4.0-6ubuntu1~16.04.9) ) #153-Ubuntu SMP Sat May 19 10:58:46 UTC 2018 (Ubuntu 4.4.0-127.153-generic 4.4.128)
[    0.000000] Command line: BOOT_IMAGE=/boot/vmlinuz-4.4.0-127-generic root=LABEL=cloudimg-rootfs ro console=tty1 console=ttyS0
[    0.000000] KERNEL supported cpus:
[    0.000000]   Intel GenuineIntel
[    0.000000]   AMD AuthenticAMD
[    0.000000]   Centaur CentaurHauls
[    0.000000] x86/fpu: xstate_offset[2]:  576, xstate_sizes[2]:  256
[    0.000000] x86/fpu: Supporting XSAVE feature 0x01: 'x87 floating point registers'
[    0.000000] x86/fpu: Supporting XSAVE feature 0x02: 'SSE registers'
[    0.000000] x86/fpu: Supporting XSAVE feature 0x04: 'AVX registers'
[    0.000000] x86/fpu: Enabled xstate features 0x7, context size is 832 bytes, using 'standard' format.
[    0.000000] x86/fpu: Using 'lazy' FPU context switches.
[    0.000000] e820: BIOS-provided physical RAM map:
[    0.000000] BIOS-e820: [mem 0x0000000000000000-0x000000000009fbff] usable
[    0.000000] BIOS-e820: [mem 0x000000000009fc00-0x000000000009ffff] reserved
[    0.000000] BIOS-e820: [mem 0x00000000000f0000-0x00000000000fffff] reserved
[    0.000000] BIOS-e820: [mem 0x0000000000100000-0x000000001ffeffff] usable
[    0.000000] BIOS-e820: [mem 0x000000001fff0000-0x000000001fffffff] ACPI data
[    0.000000] BIOS-e820: [mem 0x00000000fec00000-0x00000000fec00fff] reserved
[    0.000000] BIOS-e820: [mem 0x00000000fee00000-0x00000000fee00fff] reserved
[    0.000000] BIOS-e820: [mem 0x00000000fffc0000-0x00000000ffffffff] reserved
[    0.000000] NX (Execute Disable) protection: active
[    0.000000] SMBIOS 2.5 present.
[    0.000000] Hypervisor detected: KVM
[    0.000000] Kernel/User page tables isolation: disabled
[    0.000000] e820: last_pfn = 0x1fff0 max_arch_pfn = 0x400000000
[    0.000000] MTRR: Disabled
[    0.000000] x86/PAT: MTRRs disabled, skipping PAT initialization too.
[    0.000000] CPU MTRRs all blank - virtualized system.
[    0.000000] x86/PAT: Configuration [0-7]: WB  WT  UC- UC  WB  WT  UC- UC  
[    0.000000] found SMP MP-table at [mem 0x0009fff0-0x0009ffff] mapped at [ffff88000009fff0]
[    0.000000] Scanning 1 areas for low memory corruption
[    0.000000] RAMDISK: [mem 0x1ec86000-0x1f723fff]
[    0.000000] ACPI: Early table checksum verification disabled
[    0.000000] ACPI: RSDP 0x00000000000E0000 000024 (v02 VBOX  )
[    0.000000] ACPI: XSDT 0x000000001FFF0030 00003C (v01 VBOX   VBOXXSDT 00000001 ASL  00000061)
[    0.000000] ACPI: FACP 0x000000001FFF00F0 0000F4 (v04 VBOX   VBOXFACP 00000001 ASL  00000061)
[    0.000000] ACPI: DSDT 0x000000001FFF0470 0021FF (v02 VBOX   VBOXBIOS 00000002 INTL 20160831)
[    0.000000] ACPI: FACS 0x000000001FFF0200 000040
[    0.000000] ACPI: FACS 0x000000001FFF0200 000040
[    0.000000] ACPI: APIC 0x000000001FFF0240 00005C (v02 VBOX   VBOXAPIC 00000001 ASL  00000061)
[    0.000000] ACPI: SSDT 0x000000001FFF02A0 0001CC (v01 VBOX   VBOXCPUT 00000002 INTL 20160831)
[    0.000000] No NUMA configuration found
[    0.000000] Faking a node at [mem 0x0000000000000000-0x000000001ffeffff]
[    0.000000] NODE_DATA(0) allocated [mem 0x1ffeb000-0x1ffeffff]
[    0.000000] kvm-clock: Using msrs 4b564d01 and 4b564d00
[    0.000000] kvm-clock: cpu 0, msr 0:1ffe3001, primary cpu clock
[    0.000000] kvm-clock: using sched offset of 2919173686 cycles
[    0.000000] clocksource: kvm-clock: mask: 0xffffffffffffffff max_cycles: 0x1cd42e4dffb, max_idle_ns: 881590591483 ns
[    0.000000] Zone ranges:
[    0.000000]   DMA      [mem 0x0000000000001000-0x0000000000ffffff]
[    0.000000]   DMA32    [mem 0x0000000001000000-0x000000001ffeffff]
[    0.000000]   Normal   empty
[    0.000000]   Device   empty
[    0.000000] Movable zone start for each node
[    0.000000] Early memory node ranges
[    0.000000]   node   0: [mem 0x0000000000001000-0x000000000009efff]
[    0.000000]   node   0: [mem 0x0000000000100000-0x000000001ffeffff]
[    0.000000] Initmem setup node 0 [mem 0x0000000000001000-0x000000001ffeffff]
[    0.000000] ACPI: PM-Timer IO Port: 0x4008
[    0.000000] IOAPIC[0]: apic_id 2, version 32, address 0xfec00000, GSI 0-23
[    0.000000] ACPI: INT_SRC_OVR (bus 0 bus_irq 0 global_irq 2 dfl dfl)
[    0.000000] ACPI: INT_SRC_OVR (bus 0 bus_irq 9 global_irq 9 high level)
[    0.000000] Using ACPI (MADT) for SMP configuration information
[    0.000000] smpboot: Allowing 2 CPUs, 0 hotplug CPUs
[    0.000000] PM: Registered nosave memory: [mem 0x00000000-0x00000fff]
[    0.000000] PM: Registered nosave memory: [mem 0x0009f000-0x0009ffff]
[    0.000000] PM: Registered nosave memory: [mem 0x000a0000-0x000effff]
[    0.000000] PM: Registered nosave memory: [mem 0x000f0000-0x000fffff]
[    0.000000] e820: [mem 0x20000000-0xfebfffff] available for PCI devices
[    0.000000] Booting paravirtualized kernel on KVM
[    0.000000] clocksource: refined-jiffies: mask: 0xffffffff max_cycles: 0xffffffff, max_idle_ns: 7645519600211568 ns
[    0.000000] setup_percpu: NR_CPUS:512 nr_cpumask_bits:512 nr_cpu_ids:2 nr_node_ids:1
[    0.000000] PERCPU: Embedded 34 pages/cpu @ffff88001fc00000 s99544 r8192 d31528 u1048576
[    0.000000] PV qspinlock hash table entries: 256 (order: 0, 4096 bytes)
[    0.000000] Built 1 zonelists in Node order, mobility grouping on.  Total pages: 128888
[    0.000000] Policy zone: DMA32
[    0.000000] Kernel command line: BOOT_IMAGE=/boot/vmlinuz-4.4.0-127-generic root=LABEL=cloudimg-rootfs ro console=tty1 console=ttyS0
[    0.000000] PID hash table entries: 2048 (order: 2, 16384 bytes)
[    0.000000] Memory: 485568K/523832K available (8537K kernel code, 1313K rwdata, 4000K rodata, 1512K init, 1316K bss, 38264K reserved, 0K cma-reserved)
[    0.000000] SLUB: HWalign=64, Order=0-3, MinObjects=0, CPUs=2, Nodes=1
[    0.000000] Hierarchical RCU implementation.
[    0.000000] 	Build-time adjustment of leaf fanout to 64.
[    0.000000] 	RCU restricting CPUs from NR_CPUS=512 to nr_cpu_ids=2.
[    0.000000] RCU: Adjusting geometry for rcu_fanout_leaf=64, nr_cpu_ids=2
[    0.000000] NR_IRQS:33024 nr_irqs:440 16
[    0.000000] Console: colour VGA+ 80x25
[    0.000000] console [tty1] enabled
[    0.000000] console [ttyS0] enabled
[    0.000000] tsc: Detected 3193.992 MHz processor
[    0.000000] tsc: Marking TSC unstable due to TSCs unsynchronized
[    0.008000] Calibrating delay loop (skipped) preset value.. 6387.98 BogoMIPS (lpj=12775968)
[    0.012009] pid_max: default: 32768 minimum: 301
[    0.016029] ACPI: Core revision 20150930
[    0.022890] ACPI: 2 ACPI AML tables successfully acquired and loaded
[    0.028237] Security Framework initialized
[    0.032004] Yama: becoming mindful.
[    0.036020] AppArmor: AppArmor initialized
[    0.040052] Dentry cache hash table entries: 65536 (order: 7, 524288 bytes)
[    0.044093] Inode-cache hash table entries: 32768 (order: 6, 262144 bytes)
[    0.048105] Mount-cache hash table entries: 1024 (order: 1, 8192 bytes)
[    0.052007] Mountpoint-cache hash table entries: 1024 (order: 1, 8192 bytes)
[    0.056146] Initializing cgroup subsys io
[    0.060007] Initializing cgroup subsys memory
[    0.064011] Initializing cgroup subsys devices
[    0.068005] Initializing cgroup subsys freezer
[    0.072017] Initializing cgroup subsys net_cls
[    0.076007] Initializing cgroup subsys perf_event
[    0.080007] Initializing cgroup subsys net_prio
[    0.084020] Initializing cgroup subsys hugetlb
[    0.088009] Initializing cgroup subsys pids
[    0.092061] CPU: Physical Processor ID: 0
[    0.096004] CPU: Processor Core ID: 0
[    0.106059] mce: CPU supports 0 MCE banks
[    0.108016] Last level iTLB entries: 4KB 1024, 2MB 1024, 4MB 512
[    0.112004] Last level dTLB entries: 4KB 1536, 2MB 1536, 4MB 768, 1GB 0
[    0.113860] Spectre V2 : LFENCE not serializing. Switching to generic retpoline
[    0.116003] Spectre V2 : Mitigation: Full generic retpoline
[    0.120003] Spectre V2 : Speculation control IBPB not-supported IBRS not-supported
[    0.124003] Spectre V2 : Filling RSB on context switch
[    0.126018] Speculative Store Bypass: Mitigation: Speculative Store Bypass disabled via prctl and seccomp
[    0.128970] Freeing SMP alternatives memory: 32K
[    0.139246] ftrace: allocating 32237 entries in 126 pages
[    0.164076] smpboot: APIC(0) Converting physical 0 to logical package 0
[    0.168004] smpboot: Max logical packages: 1
[    0.168845] x2apic enabled
[    0.169401] Switched APIC routing to physical x2apic.
[    0.172838] ..TIMER: vector=0x30 apic1=0 pin1=2 apic2=-1 pin2=-1
[    0.180000] smpboot: CPU0: AMD Ryzen 5 1400 Quad-Core Processor (family: 0x17, model: 0x1, stepping: 0x1)
[    0.181056] Performance Events: Broken PMU hardware detected, using software events only.
[    0.184002] Failed to access perfctr msr (MSR c0010007 is 0)
[    0.184782] KVM setup paravirtual spinlock
[    0.188145] x86: Booting SMP configuration:
[    0.192002] .... node  #0, CPUs:      #1
[    0.008000] kvm-clock: cpu 1, msr 0:1ffe3041, secondary cpu clock
[    0.008000] mce: CPU supports 0 MCE banks
[    0.204190] x86: Booted up 1 node, 2 CPUs
[    0.205976] smpboot: Total of 2 processors activated (12775.96 BogoMIPS)
[    0.207008] devtmpfs: initialized
[    0.210114] evm: security.selinux
[    0.212007] evm: security.SMACK64
[    0.216001] evm: security.SMACK64EXEC
[    0.220002] evm: security.SMACK64TRANSMUTE
[    0.224003] evm: security.SMACK64MMAP
[    0.228002] evm: security.ima
[    0.230608] evm: security.capability
[    0.232241] clocksource: jiffies: mask: 0xffffffff max_cycles: 0xffffffff, max_idle_ns: 7645041785100000 ns
[    0.234710] futex hash table entries: 512 (order: 3, 32768 bytes)
[    0.236121] pinctrl core: initialized pinctrl subsystem
[    0.240211] RTC time: 23:02:28, date: 06/14/18
[    0.244392] NET: Registered protocol family 16
[    0.256008] cpuidle: using governor ladder
[    0.272016] cpuidle: using governor menu
[    0.276014] PCCT header not found.
[    0.280269] ACPI: bus type PCI registered
[    0.284003] acpiphp: ACPI Hot Plug PCI Controller Driver version: 0.5
[    0.284786] PCI: Using configuration type 1 for base access
[    0.288002] PCI: Using configuration type 1 for extended access
[    0.304191] ACPI: Added _OSI(Module Device)
[    0.436005] ACPI: Added _OSI(Processor Device)
[    0.480007] ACPI: Added _OSI(3.0 _SCP Extensions)
[    0.484003] ACPI: Added _OSI(Processor Aggregator Device)
[    0.492414] ACPI: Executed 1 blocks of module-level executable AML code
[    0.500671] ACPI: Interpreter enabled
[    0.504011] ACPI: (supports S0 S5)
[    0.505613] ACPI: Using IOAPIC for interrupt routing
[    0.512170] PCI: Using host bridge windows from ACPI; if necessary, use "pci=nocrs" and report a bug
[    0.520708] ACPI: PCI Root Bridge [PCI0] (domain 0000 [bus 00-ff])
[    0.524007] acpi PNP0A03:00: _OSC: OS supports [ExtendedConfig ASPM ClockPM Segments MSI]
[    0.528035] acpi PNP0A03:00: _OSC: OS now controls [PCIeHotplug PME AER PCIeCapability]
[    0.536160] PCI host bridge to bus 0000:00
[    0.540004] pci_bus 0000:00: root bus resource [io  0x0000-0x0cf7 window]
[    0.544003] pci_bus 0000:00: root bus resource [io  0x0d00-0xffff window]
[    0.548003] pci_bus 0000:00: root bus resource [mem 0x000a0000-0x000bffff window]
[    0.556006] pci_bus 0000:00: root bus resource [mem 0x20000000-0xffdfffff window]
[    0.556006] pci_bus 0000:00: root bus resource [bus 00-ff]
[    0.564911] pci 0000:00:01.1: legacy IDE quirk: reg 0x10: [io  0x01f0-0x01f7]
[    0.568003] pci 0000:00:01.1: legacy IDE quirk: reg 0x14: [io  0x03f6]
[    0.572003] pci 0000:00:01.1: legacy IDE quirk: reg 0x18: [io  0x0170-0x0177]
[    0.573970] pci 0000:00:01.1: legacy IDE quirk: reg 0x1c: [io  0x0376]
[    0.594101] pci 0000:00:07.0: quirk: [io  0x4000-0x403f] claimed by PIIX4 ACPI
[    0.600015] pci 0000:00:07.0: quirk: [io  0x4100-0x410f] claimed by PIIX4 SMB
[    0.616019] ACPI: PCI Interrupt Link [LNKA] (IRQs 5 9 10 *11)
[    0.645568] ACPI: PCI Interrupt Link [LNKB] (IRQs 5 9 10 *11)
[    0.700594] ACPI: PCI Interrupt Link [LNKC] (IRQs 5 9 *10 11)
[    0.708291] ACPI: PCI Interrupt Link [LNKD] (IRQs 5 *9 10 11)
[    0.856326] ACPI: Enabled 2 GPEs in block 00 to 07
[    1.000567] vgaarb: setting as boot device: PCI:0000:00:02.0
[    1.004000] vgaarb: device added: PCI:0000:00:02.0,decodes=io+mem,owns=io+mem,locks=none
[    1.520010] vgaarb: loaded
[    1.532003] vgaarb: bridge control possible 0000:00:02.0
[    1.536272] SCSI subsystem initialized
[    1.608050] ACPI: bus type USB registered
[    1.656029] usbcore: registered new interface driver usbfs
[    1.660010] usbcore: registered new interface driver hub
[    1.664016] usbcore: registered new device driver usb
[    1.668147] PCI: Using ACPI for IRQ routing
[    1.672197] NetLabel: Initializing
[    1.680002] NetLabel:  domain hash size = 128
[    1.688001] NetLabel:  protocols = UNLABELED CIPSOv4
[    1.688614] NetLabel:  unlabeled traffic allowed by default
[    1.692049] amd_nb: Cannot enumerate AMD northbridges
[    1.696028] clocksource: Switched to clocksource kvm-clock
[    1.703854] AppArmor: AppArmor Filesystem Enabled
[    1.710545] pnp: PnP ACPI init
[    1.712792] pnp: PnP ACPI: found 3 devices
[    1.723944] clocksource: acpi_pm: mask: 0xffffff max_cycles: 0xffffff, max_idle_ns: 2085701024 ns
[    1.730849] NET: Registered protocol family 2
[    1.732796] TCP established hash table entries: 4096 (order: 3, 32768 bytes)
[    1.734866] TCP bind hash table entries: 4096 (order: 4, 65536 bytes)
[    1.735791] TCP: Hash tables configured (established 4096 bind 4096)
[    1.737730] UDP hash table entries: 256 (order: 1, 8192 bytes)
[    1.739776] UDP-Lite hash table entries: 256 (order: 1, 8192 bytes)
[    1.740573] NET: Registered protocol family 1
[    1.742303] pci 0000:00:00.0: Limiting direct PCI/PCI transfers
[    1.744179] pci 0000:00:01.0: Activating ISA DMA hang workarounds
[    1.746211] Unpacking initramfs...
[    3.457280] Freeing initrd memory: 10872K
[    3.572569] clocksource: tsc: mask: 0xffffffffffffffff max_cycles: 0x2e0a1e99aa9, max_idle_ns: 440795307458 ns
[    3.847074] platform rtc_cmos: registered platform RTC device (no PNP device found)
[    3.935754] Scanning for low memory corruption every 60 seconds
[    3.938089] audit: initializing netlink subsys (disabled)
[    3.940207] audit: type=2000 audit(1529017354.482:1): initialized
[    3.942422] Initialise system trusted keyring
[    3.944513] HugeTLB registered 2 MB page size, pre-allocated 0 pages
[    3.948404] zbud: loaded
[    3.949760] VFS: Disk quotas dquot_6.6.0
[    3.951373] VFS: Dquot-cache hash table entries: 512 (order 0, 4096 bytes)
[    3.953527] squashfs: version 4.0 (2009/01/31) Phillip Lougher
[    3.955678] fuse init (API version 7.23)
[    3.958848] Key type big_key registered
[    3.962923] Allocating IMA MOK and blacklist keyrings.
[    3.966013] Key type asymmetric registered
[    3.967213] Asymmetric key parser 'x509' registered
[    3.968646] Block layer SCSI generic (bsg) driver version 0.4 loaded (major 249)
[    3.970882] io scheduler noop registered
[    3.972079] io scheduler deadline registered (default)
[    3.973500] io scheduler cfq registered
[    3.974835] pci_hotplug: PCI Hot Plug PCI Core version: 0.5
[    3.976364] pciehp: PCI Express Hot Plug Controller Driver version: 0.4
[    3.977534] ACPI: AC Adapter [AC] (on-line)
[    3.995273] input: Power Button as /devices/LNXSYSTM:00/LNXPWRBN:00/input/input0
[    4.012489] ACPI: Power Button [PWRF]
[    4.015498] input: Sleep Button as /devices/LNXSYSTM:00/LNXSLPBN:00/input/input1
[    4.017479] ACPI: Sleep Button [SLPF]
[    4.030729] GHES: HEST is not enabled!
[    4.033231] Serial: 8250/16550 driver, 32 ports, IRQ sharing enabled
[    4.056817] 00:02: ttyS0 at I/O 0x3f8 (irq = 4, base_baud = 115200) is a 16550A
[    4.128844] Linux agpgart interface v0.103
[    4.207185] loop: module loaded
[    4.272841] scsi host0: ata_piix
[    4.375731] scsi host1: ata_piix
[    4.461634] ata1: PATA max UDMA/33 cmd 0x1f0 ctl 0x3f6 bmdma 0xd000 irq 14
[    4.584596] ata2: PATA max UDMA/33 cmd 0x170 ctl 0x376 bmdma 0xd008 irq 15
[    4.587073] libphy: Fixed MDIO Bus: probed
[    4.588800] tun: Universal TUN/TAP device driver, 1.6
[    4.592372] tun: (C) 1999-2004 Max Krasnyansky <maxk@qualcomm.com>
[    4.594030] PPP generic driver version 2.4.2
[    4.595303] ehci_hcd: USB 2.0 'Enhanced' Host Controller (EHCI) Driver
[    4.596843] ehci-pci: EHCI PCI platform driver
[    4.598057] ehci-platform: EHCI generic platform driver
[    4.599406] ohci_hcd: USB 1.1 'Open' Host Controller (OHCI) Driver
[    4.600972] ohci-pci: OHCI PCI platform driver
[    4.602211] ohci-platform: OHCI generic platform driver
[    4.624294] uhci_hcd: USB Universal Host Controller Interface driver
[    4.681445] i8042: PNP: PS/2 Controller [PNP0303:PS2K,PNP0f03:PS2M] at 0x60,0x64 irq 1,12
[    4.752958] serio: i8042 KBD port at 0x60,0x64 irq 1
[    4.770584] serio: i8042 AUX port at 0x60,0x64 irq 12
[    4.772911] mousedev: PS/2 mouse device common for all mice
[    4.776214] input: AT Translated Set 2 keyboard as /devices/platform/i8042/serio0/input/input2
[    4.780497] rtc_cmos rtc_cmos: rtc core: registered rtc_cmos as rtc0
[    4.780601] rtc_cmos rtc_cmos: alarms up to one day, 114 bytes nvram
[    4.780613] i2c /dev entries driver
[    4.780746] device-mapper: uevent: version 1.0.3
[    4.780869] device-mapper: ioctl: 4.34.0-ioctl (2015-10-28) initialised: dm-devel@redhat.com
[    4.780911] ledtrig-cpu: registered to indicate activity on CPUs
[    4.781498] NET: Registered protocol family 10
[    4.781884] NET: Registered protocol family 17
[    4.781939] Key type dns_resolver registered
[    4.782450] registered taskstats version 1
[    4.782491] Loading compiled-in X.509 certificates
[    4.783899] Loaded X.509 cert 'Build time autogenerated kernel key: 9f6f572a3ee0cb468eb8db4aa61815bc74ef6adb'
[    4.783940] zswap: loaded using pool lzo/zbud
[    4.787359] Key type trusted registered
[    4.794412] Key type encrypted registered
[    4.794436] AppArmor: AppArmor sha1 policy hashing enabled
[    4.794444] ima: No TPM chip found, activating TPM-bypass!
[    4.794501] evm: HMAC attrs: 0x1
[    4.794969]   Magic number: 6:454:49
[    4.795960] rtc_cmos rtc_cmos: setting system clock to 2018-06-14 23:02:32 UTC (1529017352)
[    4.796239] BIOS EDD facility v0.16 2004-Jun-25, 0 devices found
[    4.796240] EDD information not available.
[    5.104251] Freeing unused kernel memory: 1512K
[    5.106840] Write protecting the kernel read-only data: 14336k
[    5.112821] Freeing unused kernel memory: 1692K
[    5.124901] Freeing unused kernel memory: 96K
Loading, please wait...
starting version[    5.142327] random: systemd-udevd: uninitialized urandom read (16 bytes read, 5 bits of entropy available)
 229
[    5.142478] random: udevadm: uninitialized urandom read (16 bytes read, 5 bits of entropy available)
[    5.142502] random: udevadm: uninitialized urandom read (16 bytes read, 5 bits of entropy available)
[    5.151491] random: udevadm: uninitialized urandom read (16 bytes read, 5 bits of entropy available)
[    5.151531] random: udevadm: uninitialized urandom read (16 bytes read, 5 bits of entropy available)
[    5.151642] random: udevadm: uninitialized urandom read (16 bytes read, 5 bits of entropy available)
[    5.151689] random: udevadm: uninitialized urandom read (16 bytes read, 5 bits of entropy available)
[    5.151734] random: udevadm: uninitialized urandom read (16 bytes read, 5 bits of entropy available)
[    5.151781] random: udevadm: uninitialized urandom read (16 bytes read, 5 bits of entropy available)
[    5.151841] random: udevadm: uninitialized urandom read (16 bytes read, 5 bits of entropy available)
[    5.451800] e1000: Intel(R) PRO/1000 Network Driver - version 7.3.21-k8-NAPI
[    5.511774] e1000: Copyright (c) 1999-2006 Intel Corporation.
[    5.556828] Fusion MPT base driver 3.04.20
[    5.597625] Copyright (c) 1999-2008 LSI Corporation
[    5.641320] AVX version of gcm_enc/dec engaged.
[    5.647362] AES CTR mode by8 optimization enabled
[    5.666324] Fusion MPT SPI Host driver 3.04.20
[    5.757002] input: ImExPS/2 Generic Explorer Mouse as /devices/platform/i8042/serio1/input/input4
[    5.992678] e1000 0000:00:03.0 eth0: (PCI:33MHz:32-bit) 02:ff:33:8f:0e:5d
[    6.152970] e1000 0000:00:03.0 eth0: Intel(R) PRO/1000 Network Connection
[    6.176059] mptbase: ioc0: Initiating bringup
[    6.240327] ioc0: LSI53C1030 A0: Capabilities={Initiator}
[    6.529631] scsi host2: ioc0: LSI53C1030 A0, FwRev=00000000h, Ports=1, MaxQ=256, IRQ=20
[    6.781684] scsi 2:0:0:0: Direct-Access     VBOX     HARDDISK         1.0  PQ: 0 ANSI: 5
[    6.967022] scsi target2:0:0: Beginning Domain Validation
[    6.977318] scsi target2:0:0: Domain Validation skipping write tests
[    6.980517] scsi target2:0:0: Ending Domain Validation
[    7.049564] scsi target2:0:0: asynchronous
[    7.089098] scsi 2:0:1:0: Direct-Access     VBOX     HARDDISK         1.0  PQ: 0 ANSI: 5
[    7.162435] scsi target2:0:1: Beginning Domain Validation
[    7.220945] scsi target2:0:1: Domain Validation skipping write tests
[    7.282355] e1000 0000:00:08.0 eth1: (PCI:33MHz:32-bit) 08:00:27:cd:b9:03
[    7.282359] e1000 0000:00:08.0 eth1: Intel(R) PRO/1000 Network Connection
[    7.345079] e1000 0000:00:08.0 enp0s8: renamed from eth1
[    7.685955] scsi target2:0:1: Ending Domain Validation
[    7.843716] scsi target2:0:1: asynchronous
[    7.881354] sd 2:0:0:0: Attached scsi generic sg0 type 0
[    7.881419] sd 2:0:0:0: [sda] 20971520 512-byte logical blocks: (10.7 GB/10.0 GiB)
[    7.881540] sd 2:0:0:0: [sda] Write Protect is off
[    7.881609] sd 2:0:0:0: [sda] Incomplete mode parameter data
[    7.881610] sd 2:0:0:0: [sda] Assuming drive cache: write through
[    7.882595]  sda: sda1
[    7.883711] sd 2:0:0:0: [sda] Attached SCSI disk
[    7.884944] e1000 0000:00:03.0 enp0s3: renamed from eth0
[    9.193145] sd 2:0:1:0: [sdb] 20480 512-byte logical blocks: (10.5 MB/10.0 MiB)
[    9.432396] sd 2:0:1:0: Attached scsi generic sg1 type 0
[    9.493098] sd 2:0:1:0: [sdb] Write Protect is off
[    9.500775] sd 2:0:1:0: [sdb] Incomplete mode parameter data
[    9.504735] sd 2:0:1:0: [sdb] Assuming drive cache: write through
[    9.510320] sd 2:0:1:0: [sdb] Attached SCSI disk
Begin: Loading e[   10.801981] md: linear personality registered for level -1
ssential drivers[   10.853773] md: multipath personality registered for level -4
 ... [   11.034619] md: raid0 personality registered for level 0
[   11.206366] md: raid1 personality registered for level 1
[   11.348033] raid6: sse2x1   gen()  4574 MB/s
[   11.420028] raid6: sse2x1   xor()  3849 MB/s
[   11.572034] raid6: sse2x2   gen()  8140 MB/s
[   11.684035] raid6: sse2x2   xor()  4734 MB/s
[   11.808025] raid6: sse2x4   gen()  8264 MB/s
[   11.972149] raid6: sse2x4   xor()  4575 MB/s
[   12.029744] raid6: using algorithm sse2x4 gen() 8264 MB/s
[   12.033967] raid6: .... xor() 4575 MB/s, rmw enabled
[   12.044604] raid6: using ssse3x2 recovery algorithm
[   12.050814] xor: automatically using best checksumming function:
[   12.096017]    avx       : 10801.000 MB/sec
[   12.171224] async_tx: api initialized (async)
[   12.252180] md: raid6 personality registered for level 6
[   12.379058] md: raid5 personality registered for level 5
[   12.534159] md: raid4 personality registered for level 4
[   12.690791] md: raid10 personality registered for level 10
done.
Begin: Running /scripts/init-premount ... done.
Begin: Mounting root file system ... Begin: Running /scripts/local-top ... done.
Begin: Running /scripts/local-premount ... [   12.885231] Btrfs loaded
Scanning for Btrfs filesystems
done.
Warning: fsck no[   12.930914] EXT4-fs (sda1): mounted filesystem with ordered data mode. Opts: (null)
t present, so skipping root file system
done.
Begin: Running /scripts/local-bottom ... done.
Begin: Running /scripts/init-bottom ... done.
[   13.040118] systemd[1]: systemd 229 running in system mode. (+PAM +AUDIT +SELINUX +IMA +APPARMOR +SMACK +SYSVINIT +UTMP +LIBCRYPTSETUP +GCRYPT +GNUTLS +ACL +XZ -LZ4 +SECCOMP +BLKID +ELFUTILS +KMOD -IDN)
[   13.050321] systemd[1]: Detected virtualization oracle.
[   13.052256] systemd[1]: Detected architecture x86-64.

Welcome to [1mUbuntu 16.04.4 LTS[0m!

[   13.055267] systemd[1]: Set hostname to <ubuntu>.
[   13.058594] systemd[1]: Initializing machine ID from random generator.
[   13.061276] systemd[1]: Installed transient /etc/machine-id file.
[   13.193159] systemd[1]: Reached target Encrypted Volumes.
[[0;32m  OK  [0m] Reached target Encrypted Volumes.
[   13.208818] systemd[1]: Listening on udev Kernel Socket.
[[0;32m  OK  [0m] Listening on udev Kernel Socket.
[   13.212587] systemd[1]: Created slice System Slice.
[[0;32m  OK  [0m] Created slice System Slice.
[   13.216597] systemd[1]: Listening on Journal Audit Socket.
[[0;32m  OK  [0m] Listening on Journal Audit Socket.
[   13.219486] systemd[1]: Listening on Journal Socket.
[[0;32m  OK  [0m] Listening on Journal Socket.
[   13.223273] systemd[1]: Listening on udev Control Socket.
[[0;32m  OK  [0m] Listening on udev Control Socket.
[   13.227560] systemd[1]: Created slice system-serial\x2dgetty.slice.
[[0;32m  OK  [0m] Created slice system-serial\x2dgetty.slice.
[   13.244270] systemd[1]: Starting Remount Root and Kernel File Systems...
[   13.251296] EXT4-fs (sda1): re-mounted. Opts: (null)
         Starting Remount Root and Kernel File Systems...
[   13.260234] systemd[1]: Reached target User and Group Name Lookups.
[[0;32m  OK  [0m] Reached target User and Group Name Lookups.
[   13.282116] systemd[1]: Listening on LVM2 poll daemon socket.
[[0;32m  OK  [0m] Listening on LVM2 poll daemon socket.
[   13.287181] systemd[1]: Starting Load Kernel Modules...
[   13.301837] Loading iSCSI transport class v2.0-870.
         Starting Load Kernel Modules...
[   13.310929] systemd[1]: Starting Create list of required static device nodes for the current kernel...
         Startin[   13.319213] iscsi: registered transport (tcp)
g Create list of required st... nodes for the current kernel...
[   13.374808] systemd[1]: Listening on Journal Socket (/dev/log).
[[0;32m  OK  [0m] Listening on Journal Socket (/dev/log).
[   13.378935] systemd[1]: Starting Set console keymap...
         Starting Set console keymap...
[   13.382452] systemd[1]: Started Forward Password Requests to Wall Directory Watch.
[[0;32m  OK  [0m] Started Forward Password Requ[   13.402463] iscsi: registered transport (iser)
ests to Wall Directory Watch.
[   13.528082] systemd[1]: Mounting Huge Pages File System...
         Mounting Huge Pages File System...
[   13.544016] systemd[1]: Mounting Debug File System...
         Mounting Debug File System...
[   13.556681] systemd[1]: Starting Nameserver information manager...
         Starting Nameserver information manager...
[   13.577541] systemd[1]: Started Trigger resolvconf update for networkd DNS.
[[0;32m  OK  [0m] Started Trigger resolvconf update for networkd DNS.
[   13.586139] systemd[1]: Mounting POSIX Message Queue File System...
         Mounting POSIX Message Queue File System...
[   13.614918] systemd[1]: Starting Uncomplicated firewall...
[   13.616792] random: nonblocking pool is initialized
         Starting Uncomplicated firewall...
[   13.628445] systemd[1]: Reached target Swap.
[[0;32m  OK  [0m] Reached target Swap.
[   13.656365] systemd[1]: Created slice User and Session Slice.
[[0;32m  OK  [0m] Created slice User and Session Slice.
[   13.665522] systemd[1]: Reached target Slices.
[[0;32m  OK  [0m] Reached target Slices.
[   13.672346] systemd[1]: Listening on LVM2 metadata daemon socket.
[[0;32m  OK  [0m] Listening on LVM2 metadata daemon socket.
[   13.692213] systemd[1]: Reached target System Time Synchronized.
[[0;32m  OK  [0m] Reached target System Time Synchronized.
[   13.720137] systemd[1]: Listening on /dev/initctl Compatibility Named Pipe.
[[0;32m  OK  [0m] Listening on /dev/initctl Compatibility Named Pipe.
[   13.734532] systemd[1]: Listening on Syslog Socket.
[[0;32m  OK  [0m] Listening on Syslog Socket.
[   13.764230] systemd[1]: Starting Journal Service...
         Starting Journal Service...
[   13.812277] systemd[1]: Set up automount Arbitrary Executable File Formats File System Automount Point.
[[0;32m  OK  [0m] Set up automount Arbitrary Executab...ats File System Automount Point.
[   13.833022] systemd[1]: Listening on Device-mapper event daemon FIFOs.
[[0;32m  OK  [0m] Listening on Device-mapper event daemon FIFOs.
[   13.848223] systemd[1]: Starting Monitoring of LVM2 mirrors, snapshots etc. using dmeventd or progress polling...
         Starting Monitoring of LVM2 mirrors... dmeventd or progress polling...
[   13.871323] systemd[1]: Mounted POSIX Message Queue File System.
[[0;32m  OK  [0m] Mounted POSIX Message Queue File System.
[   13.976371] systemd[1]: Mounted Debug File System.
[[0;32m  OK  [0m] Mounted Debug File System.
[   14.144341] systemd[1]: Mounted Huge Pages File System.
[[0;32m  OK  [0m] Mounted Huge Pages File System.
[   14.348330] systemd[1]: Started Journal Service.
[[0;32m  OK  [0m] Started Journal Service.
[[0;32m  OK  [0m] Started Remount Root and Kernel File Systems.
[[0;32m  OK  [0m] Started Load Kernel Modules.
[[0;32m  OK  [0m] Started Create list of required sta...ce nodes for the current kernel.
[[0;32m  OK  [0m] Started Set console keymap.
[[0;32m  OK  [0m] Started Uncomplicated firewall.
[[0;32m  OK  [0m] Started Nameserver information manager.
[[0;32m  OK  [0m] Started LVM2 metadata daemon.
         Starting Create Static Device Nodes in /dev...
         Mounting FUSE Control File System...
         Starting Apply Kernel Variables...
         Starting Load/Save Random Seed...
         Starting udev Coldplug all Devices...
         Starting Flush Journal to Persistent Storage...
[[0;32m  OK  [0m] Mounted FUSE Control File System.
[[0;32m  OK  [0m] Started Create Static Device Nodes in /dev.
[[0;32m  OK  [0m] Started Apply Kernel Variables.
[[0;32m  OK  [0m] Started Load/Save Random Seed.
[[0;32m  OK  [0m] Started Flush Journal to Persistent Storage.
[[0;32m  OK  [0m] Started udev Coldplug all Devices.
         Starting udev Kernel Device Manager...
[[0;32m  OK  [0m] Started udev Kernel Device Manager.
[[0;32m  OK  [0m] Started Dispatch Password Requests to Console Directory Watch.
[[0;32m  OK  [0m] Started Monitoring of LVM2 mirrors,...ng dmeventd or progress polling.
[[0;32m  OK  [0m] Found device /dev/ttyS0.
[[0;32m  OK  [0m] Listening on Load/Save RF Kill Switch Status /dev/rfkill Watch.
[[0;32m  OK  [0m] Reached target Local File Systems (Pre).
[[0;32m  OK  [0m] Reached target Local File Systems.
         Starting Commit a transient machine-id on disk...
         Starting Initial cloud-init job (pre-networking)...
         Starting Tell Plymouth To Write Out Runtime Data...
         Starting Create Volatile Files and Directories...
         Starting LSB: AppArmor initialization...
         Starting Set console font and keymap...
[[0;32m  OK  [0m] Started Commit a transient machine-id on disk.
[[0;32m  OK  [0m] Started Tell Plymouth To Write Out Runtime Data.
[[0;32m  OK  [0m] Started Create Volatile Files and Directories.
         Starting Update UTMP about System Boot/Shutdown...
[[0;32m  OK  [0m] Started Set console font and keymap.
[[0;32m  OK  [0m] Created slice system-getty.slice.
[[0;32m  OK  [0m] Started Update UTMP about System Boot/Shutdown.
[   16.722944] cloud-init[647]: Cloud-init v. 18.2 running 'init-local' at Thu, 14 Jun 2018 23:02:44 +0000. Up 16.33 seconds.
[[0;32m  OK  [0m] Started Initial cloud-init job (pre-networking).
[[0;32m  OK  [0m] Reached target Network (Pre).
[[0;32m  OK  [0m] Started LSB: AppArmor initialization.
         Starting Raise network interfaces...
[[0;32m  OK  [0m] Started Raise network interfaces.
[[0;32m  OK  [0m] Reached target Network.
         Starting Initial cloud-init job (metadata service crawler)...
[   18.216269] cloud-init[976]: Cloud-init v. 18.2 running 'init' at Thu, 14 Jun 2018 23:02:45 +0000. Up 17.57 seconds.
[[0;32m  OK  [0m] Started Initial cloud-init job (metadata service crawler).
[   18.304507] cloud-init[976]: ci-info: +++++++++++++++++++++++++++++++++++++Net device info++++++++++++++++++++++++++++++++++++++
[   18.456401] [cloud-init[0;32m  OK  [0m[976]: ] ci-info: +--------+-------+---------------------------+---------------+-------+-------------------+Reached target Network is Online.

[   18.456857] cloud-init[976]: ci-info: | Device |   Up  |          Address          |      Mask     | Scope |     Hw-Address    |
[   18.609828] cloud-init[976]: ci-info: +--------+-------+---------------------------+---------------+-------+-------------------+
[   18.610123] cloud-init[976]: ci-info: | enp0s3 |  True |         10.0.2.15         | 255.255.255.0 |   .   | 02:ff:33:8f:0e:5d |
         Starting iSCSI initiator daemon (iscsid)...
[[   18.610344] cloud-init[976]: ci-info: | enp0s3 |  True | fe80::ff:33ff:fe8f:e5d/64 |       .       |  link | 02:ff:33:8f:0e:5d |
[   18.615205] cloud-init[976]: ci-info: | enp0s8 | False |             .             |       .       |   .   | 08:00:27:cd:b9:03 |
[0;32m  OK  [0m] Reached target Cloud-config availability.
[[   18.615360] cloud-init[976]: ci-info: |   lo   |  True |         127.0.0.1         |   255.0.0.0   |   .   |         .         |
[0;32m  OK  [0m] Reached target System Initialization.
[   18.623486] cloud-init[976]: ci-info: |   lo   |  True |          ::1/128          |       .       |  host |         .         |
[   18.692357] cloud-init[976]: ci-info: +--------+-------+---------------------------+---------------+-------+-------------------+
[   18.692686] cloud-init[976]: ci-info: +++++++++++++++++++++++++++Route IPv4 info++++++++++++++++++++++++++++
[[0;32m  OK  [0m] Started ACPI Events Check.
[[   18.692775] cloud-init[976]: ci-info: +-------+-------------+----------+---------------+-----------+-------+
[   18.833190] cloud-init[976]: ci-info: | Route | Destination | Gateway  |    Genmask    | Interface | Flags |
[0;32m  OK  [0m] Reached target Paths.
[[   18.833501] cloud-init[976]: ci-info: +-------+-------------+----------+---------------+-----------+-------+
[   18.841468] cloud-init[976]: ci-info: |   0   |   0.0.0.0   | 10.0.2.2 |    0.0.0.0    |   enp0s3  |   UG  |
[0;32m  OK  [0m] Listening on UUID daemon activation socket.
[[   18.841593] cloud-init[976]: ci-info: |   1   |   10.0.2.0  | 0.0.0.0  | 255.255.255.0 |   enp0s3  |   U   |
[0;32m  OK  [0m] Listening on D-Bus System Message Bus Socket.
[[0;32m  OK  [0m[   18.854364] ] cloud-initStarted Daily Cleanup of Temporary Directories.[976]: 
ci-info: +-------+-------------+----------+---------------+-----------+-------+
[   18.878271] cloud-init[976]: Generating public/private rsa key pair.
[   18.878591] cloud-init[976]: Your identification has been saved in /etc/ssh/ssh_host_rsa_key.[
[0;32m  OK  [0m] Listening on ACPID Listen Socket.
[   18.878804] cloud-init[976]: Your public key has been saved in /etc/ssh/ssh_host_rsa_key.pub.
[[   18.904145] cloud-init[976]: The key fingerprint is:
[   18.904745] cloud-init[976]: SHA256:tUQ3Qv0OpvbJn4C8gmIDo/1eR5GzeK44Nvf6Pa3ys28 root@ubuntu-xenial
[0;32m  OK  [0m] Started Daily apt download activities.
[   18.905125] cloud-init[976]: The key's randomart image is:
[   18.948663] cloud-init[976]: +---[RSA 2048]----+
[[0;32m  OK  [0m] Started Daily apt upgrade and clean activities.
[   18.948797] cloud-init[976]: |         .+.o    |
[   19.056334] cloud-init[976]: |         o o..   |
[   19.056662] cloud-init[976]: |        + o  .   |
         Starting LXD - unix socket.
[   19.056822] cloud-init[976]: |       . * .o .  |
[[0;32m  OK  [0m] Reached target Timers.
[   19.129099] cloud-init[976]: |      . S .o o   |
[   19.184342] cloud-init[976]: |  o    + .o.  .  |
[   19.184699] cloud-init[976]: | o o  ..o.o+..   |
         Starting Socket activation for snappy daemon.
[   19.185238] cloud-init[976]: |. . Boooo.o.E. . |
[   19.261321] cloud-init[976]: |   =+*o+o+*B..o  |
[   19.261567] cloud-init[976]: +----[SHA256]-----+
[[0;32m  OK  [0m] Listening on LXD - unix socket.
[   19.261751] cloud-init[976]: Generating public/private dsa key pair.
[   19.268849] cloud-init[976]: Your identification has been saved in /etc/ssh/ssh_host_dsa_key.
[   19.268983] cloud-init[976]: [Your public key has been saved in /etc/ssh/ssh_host_dsa_key.pub.[0;32m  OK  [0m
] Listening on Socket activation for snappy daemon.
[[   19.269091] cloud-init[976]: The key fingerprint is:
[0;32m  OK  [0m] Started iSCSI initiator daemon (iscsid).
[   19.273284] cloud-init[976]: SHA256:YMYD4j59F9y1i9GxKW2f1D3Q6MXKf1Jo92tr7f/N7+U root@ubuntu-xenial
[   19.288243] cloud-init[976]: The key's randomart image is:
[   19.297904] cloud-init[976]: +---[DSA 1024]----+
[   19.305257]          cloud-initStarting Login to default iSCSI targets...[976]: 
|  . .       o.+  |
[[0;32m  OK  [0m] Reached target Sockets.
[[   19.305681] [0;32m  OK  [0mcloud-init] [976]: Reached target Basic System.| . . o . . + *.=.|

[   19.326904] cloud-init[976]: |  .   * o + X +oo|
[   19.344432]          cloud-initStarting LSB: Record successful boot for GRUB...[976]: 
| . . o o . = Bo.+|
[   19.353358]          cloud-initStarting Apply the settings specified in cloud-config...[976]: 
|  o . . S . ..+o.|
[   19.353747] [[0;32m  OK  [0m] Started Regular background program processing daemon.
         Starting Accounts Service...
[[0;32m  OK  [0m] Started Deferred execution scheduler.
[[0;32m  OK  [0m] Started FUSE filesystem for LXC.
cloud-init[976]: |   . . .      ..o|
[   19.460417] cloud-init[976]: |               .=|
[[0;32m  OK  [0m] Started D-Bus System Message Bus.
[   19.460662] cloud-init[976]: |               *+|
         Starting Login Service...
[   19.626498] cloud-init[976]: |              o+E|
         Starting Pollinate to seed the pseudo random number generator...
[[   19.718426] cloud-init[976]: +----[SHA256]-----+
[0;32m  OK  [0m] Started Unattended Upgrades Shutdown.
[   19.780869] cloud-init[976]: Generating public/private ecdsa key pair.
[   19.892299] cloud-init[976]: Your identification has been saved in /etc/ssh/ssh_host_ecdsa_key.
[   19.892608] cloud-init[976]: Your public key has been saved in /etc/ssh/ssh_host_ecdsa_key.pub.
[   19.892714] cloud-init[976]: The key fingerprint is:
[   19.892808] cloud-init[976]: SHA256:ZtnRtkDKg9B7PcbOD7UJkhC5aRMnrB/FQ5KHXLGG1AM root@ubuntu-xenial
[   19.892892] cloud-init[976]: The key's randomart image is:
[   19.892997] cloud-init[976]: +---[ECDSA 256]---+
[   19.893083] cloud-init[976]: |    .+E@+..      |
[   19.893174] cloud-init[976]: |     o@=O+ .     |
[   19.893259] cloud-init[976]: |     .o@**o o    |
[   19.893341] cloud-init[976]: |    . B.++*+..   |
[   19.893434] cloud-init[976]: |     o +S=.+.o   |
[   19.893516] cloud-init[976]: |      .o  + o    |
[   19.893607] cloud-init[976]: |           o     |
[   19.893691] cloud-init[976]: |            .    |
[   19.893782] cloud-init[976]: |                 |
[   19.893866] cloud-init[976]: +----[SHA256]-----+
[   19.893947] cloud-init[976]: Generating public/private ed25519 key pair.
[   19.894042] cloud-init[976]: Your identification has been saved in /etc/ssh/ssh_host_ed25519_key.
[   19.894132] cloud-init[976]: Your public key has been saved in /etc/ssh/ssh_host_ed25519_key.pub.
[   19.894224] cloud-init[976]: The key fingerprint is:
[   19.894305] cloud-init[976]: SHA256:NMfop/BB2FP1z4BBM02hWQlgvjluc4yRx4J0yxxGrcw root@ubuntu-xenial
[   19.894399] cloud-init[976]: The key's randomart image is:
[   19.894483] cloud-init[976]: +--[ED25519 256]--+
[   19.894579] cloud-init[976]: |          ==B++o |
[   19.894661] cloud-init[976]: |       o B  .Xo  |
[   19.894742] cloud-init[976]: |      . OoB.+ o  |
[   19.894833] cloud-init[976]: |       = XEB   + |
[   19.894913] cloud-init[976]: |      . S % o   o|
[   19.895004] cloud-init[976]: |       o = B     |
[   19.895092] cloud-init[976]: |        o = o    |
[   19.895173] cloud-init[976]: |         . o     |
[   19.895264] cloud-init[976]: |                 |
[   19.895343] cloud-init[976]: +----[SHA256]-----+
         Starting System Logging Service...
[   19.898662] cloud-init[1085]: Generating locales (this might take a while)...
         Starting LSB: MD monitoring daemon...
         Starting /etc/rc.local Compatibility...
[   20.426544] cloud-init[1085]:   en_US.UTF-8... done
         Starting Snappy daemon...
[   20.465258] cloud-init[1085]: Generation complete.
         Starting Virtualbox guest utils...
[[0;32m  OK  [0m] Started ACPI event daemon.
         Starting LXD - container startup/shutdown...
[[0;32m  OK  [0m] Started System Logging Service.
[[0;32m  OK  [0m] Started /etc/rc.local Compatibility.
[[0;32m  OK  [0m] Started Snappy daemon.
[[0;32m  OK  [0m] Started LSB: Record successful boot for GRUB.
[[0;32m  OK  [0m] Started LSB: MD monitoring daemon.
[[0;32m  OK  [0m] Started Pollinate to seed the pseudo random number generator.
[[0;32m  OK  [0m] Started LXD - container startup/shutdown.
[[0;32m  OK  [0m] Started Login to default iSCSI targets.
         Starting Authenticate and Authorize Users to Run Privileged Tasks...
[   20.829800] [cloud-init[0;32m  OK  [0m[1085]: ] Cloud-init v. 18.2 running 'modules:config' at Thu, 14 Jun 2018 23:02:47 +0000. Up 19.61 seconds.Reached target Remote File Systems (Pre).

[[0;32m  OK  [0m] Reached target Remote File Systems.
         Starting LSB: daemon to balance interrupts for SMP systems...
         Starting LSB: automatic crash report generation...
         Starting LSB: Set the CPU Frequency Scaling governor to "ondemand"...
         Starting Permit User Sessions...
         Starting OpenBSD Secure Shell server...
         Starting Wait until snapd is fully seeded...
[[0;32m  OK  [0m] Started OpenBSD Secure Shell server.
[[0;32m  OK  [0m] Started Apply the settings specified in cloud-config.
[[0;32m  OK  [0m] Started Virtualbox guest utils.
[[0;32m  OK  [0m] Started Permit User Sessions.
[[0;32m  OK  [0m] Started Login Service.
[[0;32m  OK  [0m] Started Authenticate and Authorize Users to Run Privileged Tasks.
[[0;32m  OK  [0m] Started Accounts Service.
[[0;32m  OK  [0m] Started LSB: Set the CPU Frequency Scaling governor to "ondemand".
[[0;32m  OK  [0m] Started LSB: daemon to balance interrupts for SMP systems.
[[0;32m  OK  [0m] Started LSB: automatic crash report generation.
         Starting Hold until boot process finishes up...
         Starting Terminate Plymouth Boot Screen...
[[0;32m  OK  [0m] Started Hold until boot process finishes up.
[[0;32m  OK  [0m] Started Terminate Plymouth Boot Screen.
[[0;32m  OK  [0m] Started Getty on tty1.
[[0;32m  OK  [0m] Started Serial Getty on ttyS0.
[[0;32m  OK  [0m] Reached target Login Prompts.
         Starting Set console scheme...
[[0;32m  OK  [0m] Started Set console scheme.
[[0;32m  OK  [0m] Created slice User Slice of vagrant.
         Starting User Manager for UID 1000...
[[0;32m  OK  [0m] Started User Manager for UID 1000.
[[0;32m  OK  [0m] Started Session 1 of user vagrant.
[[0;32m  OK  [0m] Started Wait until snapd is fully seeded.
[[0;32m  OK  [0m] Reached target Multi-User System.
[[0;32m  OK  [0m] Reached target Graphical Interface.
         Starting Update UTMP about System Runlevel Changes...
         Starting Execute cloud user/final scripts...
[[0;32m  OK  [0m] Started Update UTMP about System Runlevel Changes.
ci-info: no authorized ssh keys fingerprints found for user ubuntu.
<14>Jun 14 23:02:54 ec2: 
<14>Jun 14 23:02:54 ec2: #############################################################
<14>Jun 14 23:02:54 ec2: -----BEGIN SSH HOST KEY FINGERPRINTS-----
<14>Jun 14 23:02:54 ec2: 1024 SHA256:YMYD4j59F9y1i9GxKW2f1D3Q6MXKf1Jo92tr7f/N7+U root@ubuntu-xenial (DSA)
<14>Jun 14 23:02:54 ec2: 256 SHA256:ZtnRtkDKg9B7PcbOD7UJkhC5aRMnrB/FQ5KHXLGG1AM root@ubuntu-xenial (ECDSA)
<14>Jun 14 23:02:54 ec2: 256 SHA256:NMfop/BB2FP1z4BBM02hWQlgvjluc4yRx4J0yxxGrcw root@ubuntu-xenial (ED25519)
<14>Jun 14 23:02:54 ec2: 2048 SHA256:tUQ3Qv0OpvbJn4C8gmIDo/1eR5GzeK44Nvf6Pa3ys28 root@ubuntu-xenial (RSA)
<14>Jun 14 23:02:54 ec2: -----END SSH HOST KEY FINGERPRINTS-----
<14>Jun 14 23:02:54 ec2: #############################################################
-----BEGIN SSH HOST KEY KEYS-----
ecdsa-sha2-nistp256 AAAAE2VjZHNhLXNoYTItbmlzdHAyNTYAAAAIbmlzdHAyNTYAAABBBCooq8VMfN0zXiiDAWkzDAfLaSGWWoMAtsiLd2aiCZ5j/wfnNjeNhGBMuFA7ai3ZllgV6C2Cjc2a8HSJiWci9+I= root@ubuntu-xenial
ssh-ed25519 AAAAC3NzaC1lZDI1NTE5AAAAIBFkW+OVrPXLzwkOz6rjbSQ8UFYOmbCVhk4efVpsQyVw root@ubuntu-xenial
ssh-rsa AAAAB3NzaC1yc2EAAAADAQABAAABAQDIlgfCnhGFsNPY0XxOB8gTGMx2YpW5sVVhdbF/gwC6+ssiSv3SLmjgV04y7i1rDXqYzkQHIcrvciis6opYEQ2cNRR06P4QTGEYPBMDAgcWBgIPER9WRBFuhNsc4T2s/TlziaezxXoATU0qubUdTndQdKr1RWriwW+wKVHa+G3cWh1Nse9UMs8k4R0unOsHbbGYb/+RJuqE8UuiRVbFWk2Qh7YnoeoayaZ5iPCItsJNvDOQ7+21F7x7qzaSXUCo1vklOgLkJthaznj+xVgir8aTvwriOOA7Mu64isg+HR1pSv0uL6XmGFg8e05NnTxULYZ65R/qWdjg9EIjD2tq9EZJ root@ubuntu-xenial
-----END SSH HOST KEY KEYS-----
[   26.686881] cloud-init[1403]: Cloud-init v. 18.2 running 'modules:final' at Thu, 14 Jun 2018 23:02:54 +0000. Up 26.52 seconds.
[   26.687110] cloud-init[1403]: ci-info: no authorized ssh keys fingerprints found for user ubuntu.
[   26.687250] cloud-init[1403]: Cloud-init v. 18.2 finished at Thu, 14 Jun 2018 23:02:54 +0000. Datasource DataSourceNoCloud [seed=/dev/sdb][dsmode=net].  Up 26.67 seconds

Ubuntu 16.04.4 LTS ubuntu-xenial ttyS0

ubuntu-xenial login: 